# JRE version: OpenJDK Runtime Environment (8.0_212-b04) (build 1.8.0_212-release-1586-b04)
# Java VM: OpenJDK 64-Bit Server VM (25.212-b04 mixed mode windows-amd64 compressed oops)
Heap:
 PSYoungGen      total 290304K, used 36790K [0x00000000e0000000, 0x00000000f3700000, 0x0000000100000000)
  eden space 271360K, 11% used [0x00000000e0000000,0x00000000e1f91500,0x00000000f0900000)
  from space 18944K, 23% used [0x00000000f2480000,0x00000000f28dc530,0x00000000f3700000)
  to   space 23552K, 0% used [0x00000000f0900000,0x00000000f0900000,0x00000000f2000000)
 ParOldGen       total 104448K, used 70348K [0x00000000a0000000, 0x00000000a6600000, 0x00000000e0000000)
  object space 104448K, 67% used [0x00000000a0000000,0x00000000a44b32e0,0x00000000a6600000)
 Metaspace       used 96583K, capacity 100702K, committed 100864K, reserved 1136640K
  class space    used 12582K, capacity 13447K, committed 13568K, reserved 1048576K
GC Heap History (10 events):
Event: 1533.797 GC heap before
{Heap before GC invocations=26 (full 3):
 PSYoungGen      total 207872K, used 202448K [0x00000000e0000000, 0x00000000ee000000, 0x0000000100000000)
  eden space 191488K, 100% used [0x00000000e0000000,0x00000000ebb00000,0x00000000ebb00000)
  from space 16384K, 66% used [0x00000000ed000000,0x00000000edab41f8,0x00000000ee000000)
  to   space 18944K, 0% used [0x00000000ebb00000,0x00000000ebb00000,0x00000000ecd80000)
 ParOldGen       total 62464K, used 38463K [0x00000000a0000000, 0x00000000a3d00000, 0x00000000e0000000)
  object space 62464K, 61% used [0x00000000a0000000,0x00000000a258fc68,0x00000000a3d00000)
 Metaspace       used 78908K, capacity 82182K, committed 82432K, reserved 1120256K
  class space    used 10230K, capacity 10925K, committed 11008K, reserved 1048576K
Event: 1533.869 GC heap after
Heap after GC invocations=26 (full 3):
 PSYoungGen      total 210432K, used 9334K [0x00000000e0000000, 0x00000000f0e80000, 0x0000000100000000)
  eden space 191488K, 0% used [0x00000000e0000000,0x00000000e0000000,0x00000000ebb00000)
  from space 18944K, 49% used [0x00000000ebb00000,0x00000000ec41d890,0x00000000ecd80000)
  to   space 18432K, 0% used [0x00000000efc80000,0x00000000efc80000,0x00000000f0e80000)
 ParOldGen       total 62464K, used 45176K [0x00000000a0000000, 0x00000000a3d00000, 0x00000000e0000000)
  object space 62464K, 72% used [0x00000000a0000000,0x00000000a2c1e360,0x00000000a3d00000)
 Metaspace       used 78908K, capacity 82182K, committed 82432K, reserved 1120256K
  class space    used 10230K, capacity 10925K, committed 11008K, reserved 1048576K
}
Event: 1547.886 GC heap before
{Heap before GC invocations=27 (full 3):
 PSYoungGen      total 210432K, used 200822K [0x00000000e0000000, 0x00000000f0e80000, 0x0000000100000000)
  eden space 191488K, 100% used [0x00000000e0000000,0x00000000ebb00000,0x00000000ebb00000)
  from space 18944K, 49% used [0x00000000ebb00000,0x00000000ec41d890,0x00000000ecd80000)
  to   space 18432K, 0% used [0x00000000efc80000,0x00000000efc80000,0x00000000f0e80000)
 ParOldGen       total 62464K, used 45176K [0x00000000a0000000, 0x00000000a3d00000, 0x00000000e0000000)
  object space 62464K, 72% used [0x00000000a0000000,0x00000000a2c1e360,0x00000000a3d00000)
 Metaspace       used 90127K, capacity 94284K, committed 94464K, reserved 1130496K
  class space    used 11811K, capacity 12686K, committed 12800K, reserved 1048576K
Event: 1547.978 GC heap after
Heap after GC invocations=27 (full 3):
 PSYoungGen      total 252416K, used 18409K [0x00000000e0000000, 0x00000000f1680000, 0x0000000100000000)
  eden space 233984K, 0% used [0x00000000e0000000,0x00000000e0000000,0x00000000ee480000)
  from space 18432K, 99% used [0x00000000efc80000,0x00000000f0e7a708,0x00000000f0e80000)
  to   space 24576K, 0% used [0x00000000ee480000,0x00000000ee480000,0x00000000efc80000)
 ParOldGen       total 62464K, used 52912K [0x00000000a0000000, 0x00000000a3d00000, 0x00000000e0000000)
  object space 62464K, 84% used [0x00000000a0000000,0x00000000a33ac0d0,0x00000000a3d00000)
 Metaspace       used 90127K, capacity 94284K, committed 94464K, reserved 1130496K
  class space    used 11811K, capacity 12686K, committed 12800K, reserved 1048576K
}
Event: 1547.978 GC heap before
{Heap before GC invocations=28 (full 4):
 PSYoungGen      total 252416K, used 18409K [0x00000000e0000000, 0x00000000f1680000, 0x0000000100000000)
  eden space 233984K, 0% used [0x00000000e0000000,0x00000000e0000000,0x00000000ee480000)
  from space 18432K, 99% used [0x00000000efc80000,0x00000000f0e7a708,0x00000000f0e80000)
  to   space 24576K, 0% used [0x00000000ee480000,0x00000000ee480000,0x00000000efc80000)
 ParOldGen       total 62464K, used 52912K [0x00000000a0000000, 0x00000000a3d00000, 0x00000000e0000000)
  object space 62464K, 84% used [0x00000000a0000000,0x00000000a33ac0d0,0x00000000a3d00000)
 Metaspace       used 90127K, capacity 94284K, committed 94464K, reserved 1130496K
  class space    used 11811K, capacity 12686K, committed 12800K, reserved 1048576K
Event: 1548.964 GC heap after
Heap after GC invocations=28 (full 4):
 PSYoungGen      total 252416K, used 445K [0x00000000e0000000, 0x00000000f1680000, 0x0000000100000000)
  eden space 233984K, 0% used [0x00000000e0000000,0x00000000e0000000,0x00000000ee480000)
  from space 18432K, 2% used [0x00000000efc80000,0x00000000efcef5c8,0x00000000f0e80000)
  to   space 24576K, 0% used [0x00000000ee480000,0x00000000ee480000,0x00000000efc80000)
 ParOldGen       total 104448K, used 62400K [0x00000000a0000000, 0x00000000a6600000, 0x00000000e0000000)
  object space 104448K, 59% used [0x00000000a0000000,0x00000000a3cf0038,0x00000000a6600000)
 Metaspace       used 89860K, capacity 93756K, committed 94464K, reserved 1130496K
  class space    used 11741K, capacity 12566K, committed 12800K, reserved 1048576K
}
Event: 1569.200 GC heap before
{Heap before GC invocations=29 (full 4):
 PSYoungGen      total 252416K, used 234429K [0x00000000e0000000, 0x00000000f1680000, 0x0000000100000000)
  eden space 233984K, 100% used [0x00000000e0000000,0x00000000ee480000,0x00000000ee480000)
  from space 18432K, 2% used [0x00000000efc80000,0x00000000efcef5c8,0x00000000f0e80000)
  to   space 24576K, 0% used [0x00000000ee480000,0x00000000ee480000,0x00000000efc80000)
 ParOldGen       total 104448K, used 62400K [0x00000000a0000000, 0x00000000a6600000, 0x00000000e0000000)
  object space 104448K, 59% used [0x00000000a0000000,0x00000000a3cf0038,0x00000000a6600000)
 Metaspace       used 95435K, capacity 99590K, committed 99712K, reserved 1136640K
  class space    used 12492K, capacity 13353K, committed 13440K, reserved 1048576K
Event: 1569.284 GC heap after
Heap after GC invocations=29 (full 4):
 PSYoungGen      total 258560K, used 12182K [0x00000000e0000000, 0x00000000f3c00000, 0x0000000100000000)
  eden space 233984K, 0% used [0x00000000e0000000,0x00000000e0000000,0x00000000ee480000)
  from space 24576K, 49% used [0x00000000ee480000,0x00000000ef065a50,0x00000000efc80000)
  to   space 24064K, 0% used [0x00000000f2480000,0x00000000f2480000,0x00000000f3c00000)
 ParOldGen       total 104448K, used 62870K [0x00000000a0000000, 0x00000000a6600000, 0x00000000e0000000)
  object space 104448K, 60% used [0x00000000a0000000,0x00000000a3d65a38,0x00000000a6600000)
 Metaspace       used 95435K, capacity 99590K, committed 99712K, reserved 1136640K
  class space    used 12492K, capacity 13353K, committed 13440K, reserved 1048576K
}
Event: 1587.761 GC heap before
{Heap before GC invocations=30 (full 4):
 PSYoungGen      total 258560K, used 246166K [0x00000000e0000000, 0x00000000f3c00000, 0x0000000100000000)
  eden space 233984K, 100% used [0x00000000e0000000,0x00000000ee480000,0x00000000ee480000)
  from space 24576K, 49% used [0x00000000ee480000,0x00000000ef065a50,0x00000000efc80000)
  to   space 24064K, 0% used [0x00000000f2480000,0x00000000f2480000,0x00000000f3c00000)
 ParOldGen       total 104448K, used 62870K [0x00000000a0000000, 0x00000000a6600000, 0x00000000e0000000)
  object space 104448K, 60% used [0x00000000a0000000,0x00000000a3d65a38,0x00000000a6600000)
 Metaspace       used 96259K, capacity 100490K, committed 100864K, reserved 1136640K
  class space    used 12560K, capacity 13445K, committed 13568K, reserved 1048576K
Event: 1587.842 GC heap after
Heap after GC invocations=30 (full 4):
 PSYoungGen      total 290304K, used 4465K [0x00000000e0000000, 0x00000000f3700000, 0x0000000100000000)
  eden space 271360K, 0% used [0x00000000e0000000,0x00000000e0000000,0x00000000f0900000)
  from space 18944K, 23% used [0x00000000f2480000,0x00000000f28dc530,0x00000000f3700000)
  to   space 23552K, 0% used [0x00000000f0900000,0x00000000f0900000,0x00000000f2000000)
 ParOldGen       total 104448K, used 70348K [0x00000000a0000000, 0x00000000a6600000, 0x00000000e0000000)
  object space 104448K, 67% used [0x00000000a0000000,0x00000000a44b32e0,0x00000000a6600000)
 Metaspace       used 96259K, capacity 100490K, committed 100864K, reserved 1136640K
  class space    used 12560K, capacity 13445K, committed 13568K, reserved 1048576K
}

