# JRE version: OpenJDK Runtime Environment (8.0_212-b04) (build 1.8.0_212-release-1586-b04)
# Java VM: OpenJDK 64-Bit Server VM (25.212-b04 mixed mode windows-amd64 compressed oops)
Heap:
 PSYoungGen      total 310272K, used 48995K [0x00000000e0000000, 0x00000000f5e00000, 0x0000000100000000)
  eden space 284672K, 10% used [0x00000000e0000000,0x00000000e1dea1c0,0x00000000f1600000)
  from space 25600K, 71% used [0x00000000f1600000,0x00000000f27eec58,0x00000000f2f00000)
  to   space 27136K, 0% used [0x00000000f4380000,0x00000000f4380000,0x00000000f5e00000)
 ParOldGen       total 94720K, used 61664K [0x00000000a0000000, 0x00000000a5c80000, 0x00000000e0000000)
  object space 94720K, 65% used [0x00000000a0000000,0x00000000a3c38058,0x00000000a5c80000)
 Metaspace       used 85459K, capacity 88949K, committed 89112K, reserved 1126400K
  class space    used 11030K, capacity 11782K, committed 11816K, reserved 1048576K
GC Heap History (10 events):
Event: 73.820 GC heap before
{Heap before GC invocations=16 (full 3):
 PSYoungGen      total 235008K, used 216576K [0x00000000e0000000, 0x00000000ef780000, 0x0000000100000000)
  eden space 216576K, 100% used [0x00000000e0000000,0x00000000ed380000,0x00000000ed380000)
  from space 18432K, 0% used [0x00000000ee580000,0x00000000ee580000,0x00000000ef780000)
  to   space 18432K, 0% used [0x00000000ed380000,0x00000000ed380000,0x00000000ee580000)
 ParOldGen       total 94720K, used 35300K [0x00000000a0000000, 0x00000000a5c80000, 0x00000000e0000000)
  object space 94720K, 37% used [0x00000000a0000000,0x00000000a22790a8,0x00000000a5c80000)
 Metaspace       used 69222K, capacity 71691K, committed 71960K, reserved 1112064K
  class space    used 9447K, capacity 10010K, committed 10024K, reserved 1048576K
Event: 73.971 GC heap after
Heap after GC invocations=16 (full 3):
 PSYoungGen      total 235008K, used 18416K [0x00000000e0000000, 0x00000000f2480000, 0x0000000100000000)
  eden space 216576K, 0% used [0x00000000e0000000,0x00000000e0000000,0x00000000ed380000)
  from space 18432K, 99% used [0x00000000ed380000,0x00000000ee57c010,0x00000000ee580000)
  to   space 22016K, 0% used [0x00000000f0f00000,0x00000000f0f00000,0x00000000f2480000)
 ParOldGen       total 94720K, used 36510K [0x00000000a0000000, 0x00000000a5c80000, 0x00000000e0000000)
  object space 94720K, 38% used [0x00000000a0000000,0x00000000a23a7908,0x00000000a5c80000)
 Metaspace       used 69222K, capacity 71691K, committed 71960K, reserved 1112064K
  class space    used 9447K, capacity 10010K, committed 10024K, reserved 1048576K
}
Event: 82.787 GC heap before
{Heap before GC invocations=17 (full 3):
 PSYoungGen      total 235008K, used 234992K [0x00000000e0000000, 0x00000000f2480000, 0x0000000100000000)
  eden space 216576K, 100% used [0x00000000e0000000,0x00000000ed380000,0x00000000ed380000)
  from space 18432K, 99% used [0x00000000ed380000,0x00000000ee57c010,0x00000000ee580000)
  to   space 22016K, 0% used [0x00000000f0f00000,0x00000000f0f00000,0x00000000f2480000)
 ParOldGen       total 94720K, used 36510K [0x00000000a0000000, 0x00000000a5c80000, 0x00000000e0000000)
  object space 94720K, 38% used [0x00000000a0000000,0x00000000a23a7908,0x00000000a5c80000)
 Metaspace       used 71093K, capacity 73571K, committed 73752K, reserved 1112064K
  class space    used 9620K, capacity 10170K, committed 10280K, reserved 1048576K
Event: 82.902 GC heap after
Heap after GC invocations=17 (full 3):
 PSYoungGen      total 273408K, used 5359K [0x00000000e0000000, 0x00000000f2180000, 0x0000000100000000)
  eden space 254464K, 0% used [0x00000000e0000000,0x00000000e0000000,0x00000000ef880000)
  from space 18944K, 28% used [0x00000000f0f00000,0x00000000f143bfb0,0x00000000f2180000)
  to   space 20992K, 0% used [0x00000000ef880000,0x00000000ef880000,0x00000000f0d00000)
 ParOldGen       total 94720K, used 48831K [0x00000000a0000000, 0x00000000a5c80000, 0x00000000e0000000)
  object space 94720K, 51% used [0x00000000a0000000,0x00000000a2fafc78,0x00000000a5c80000)
 Metaspace       used 71093K, capacity 73571K, committed 73752K, reserved 1112064K
  class space    used 9620K, capacity 10170K, committed 10280K, reserved 1048576K
}
Event: 95.121 GC heap before
{Heap before GC invocations=18 (full 3):
 PSYoungGen      total 273408K, used 259823K [0x00000000e0000000, 0x00000000f2180000, 0x0000000100000000)
  eden space 254464K, 100% used [0x00000000e0000000,0x00000000ef880000,0x00000000ef880000)
  from space 18944K, 28% used [0x00000000f0f00000,0x00000000f143bfb0,0x00000000f2180000)
  to   space 20992K, 0% used [0x00000000ef880000,0x00000000ef880000,0x00000000f0d00000)
 ParOldGen       total 94720K, used 48831K [0x00000000a0000000, 0x00000000a5c80000, 0x00000000e0000000)
  object space 94720K, 51% used [0x00000000a0000000,0x00000000a2fafc78,0x00000000a5c80000)
 Metaspace       used 72287K, capacity 74921K, committed 75160K, reserved 1114112K
  class space    used 9727K, capacity 10325K, committed 10408K, reserved 1048576K
Event: 95.151 GC heap after
Heap after GC invocations=18 (full 3):
 PSYoungGen      total 275456K, used 7716K [0x00000000e0000000, 0x00000000f4480000, 0x0000000100000000)
  eden space 254464K, 0% used [0x00000000e0000000,0x00000000e0000000,0x00000000ef880000)
  from space 20992K, 36% used [0x00000000ef880000,0x00000000f0009020,0x00000000f0d00000)
  to   space 19968K, 0% used [0x00000000f3100000,0x00000000f3100000,0x00000000f4480000)
 ParOldGen       total 94720K, used 48839K [0x00000000a0000000, 0x00000000a5c80000, 0x00000000e0000000)
  object space 94720K, 51% used [0x00000000a0000000,0x00000000a2fb1c78,0x00000000a5c80000)
 Metaspace       used 72287K, capacity 74921K, committed 75160K, reserved 1114112K
  class space    used 9727K, capacity 10325K, committed 10408K, reserved 1048576K
}
Event: 1822.986 GC heap before
{Heap before GC invocations=19 (full 3):
 PSYoungGen      total 275456K, used 262180K [0x00000000e0000000, 0x00000000f4480000, 0x0000000100000000)
  eden space 254464K, 100% used [0x00000000e0000000,0x00000000ef880000,0x00000000ef880000)
  from space 20992K, 36% used [0x00000000ef880000,0x00000000f0009020,0x00000000f0d00000)
  to   space 19968K, 0% used [0x00000000f3100000,0x00000000f3100000,0x00000000f4480000)
 ParOldGen       total 94720K, used 48839K [0x00000000a0000000, 0x00000000a5c80000, 0x00000000e0000000)
  object space 94720K, 51% used [0x00000000a0000000,0x00000000a2fb1c78,0x00000000a5c80000)
 Metaspace       used 82018K, capacity 85363K, committed 85656K, reserved 1124352K
  class space    used 10659K, capacity 11389K, committed 11432K, reserved 1048576K
Event: 1823.095 GC heap after
Heap after GC invocations=19 (full 3):
 PSYoungGen      total 304640K, used 19957K [0x00000000e0000000, 0x00000000f4800000, 0x0000000100000000)
  eden space 284672K, 0% used [0x00000000e0000000,0x00000000e0000000,0x00000000f1600000)
  from space 19968K, 99% used [0x00000000f3100000,0x00000000f447d750,0x00000000f4480000)
  to   space 25600K, 0% used [0x00000000f1600000,0x00000000f1600000,0x00000000f2f00000)
 ParOldGen       total 94720K, used 55536K [0x00000000a0000000, 0x00000000a5c80000, 0x00000000e0000000)
  object space 94720K, 58% used [0x00000000a0000000,0x00000000a363c298,0x00000000a5c80000)
 Metaspace       used 82018K, capacity 85363K, committed 85656K, reserved 1124352K
  class space    used 10659K, capacity 11389K, committed 11432K, reserved 1048576K
}
Event: 1871.423 GC heap before
{Heap before GC invocations=20 (full 3):
 PSYoungGen      total 304640K, used 304629K [0x00000000e0000000, 0x00000000f4800000, 0x0000000100000000)
  eden space 284672K, 100% used [0x00000000e0000000,0x00000000f1600000,0x00000000f1600000)
  from space 19968K, 99% used [0x00000000f3100000,0x00000000f447d750,0x00000000f4480000)
  to   space 25600K, 0% used [0x00000000f1600000,0x00000000f1600000,0x00000000f2f00000)
 ParOldGen       total 94720K, used 55536K [0x00000000a0000000, 0x00000000a5c80000, 0x00000000e0000000)
  object space 94720K, 58% used [0x00000000a0000000,0x00000000a363c298,0x00000000a5c80000)
 Metaspace       used 85285K, capacity 88881K, committed 89112K, reserved 1126400K
  class space    used 11013K, capacity 11782K, committed 11816K, reserved 1048576K
Event: 1871.551 GC heap after
Heap after GC invocations=20 (full 3):
 PSYoungGen      total 310272K, used 18363K [0x00000000e0000000, 0x00000000f5e00000, 0x0000000100000000)
  eden space 284672K, 0% used [0x00000000e0000000,0x00000000e0000000,0x00000000f1600000)
  from space 25600K, 71% used [0x00000000f1600000,0x00000000f27eec58,0x00000000f2f00000)
  to   space 27136K, 0% used [0x00000000f4380000,0x00000000f4380000,0x00000000f5e00000)
 ParOldGen       total 94720K, used 61664K [0x00000000a0000000, 0x00000000a5c80000, 0x00000000e0000000)
  object space 94720K, 65% used [0x00000000a0000000,0x00000000a3c38058,0x00000000a5c80000)
 Metaspace       used 85285K, capacity 88881K, committed 89112K, reserved 1126400K
  class space    used 11013K, capacity 11782K, committed 11816K, reserved 1048576K
}

