# JRE version: OpenJDK Runtime Environment (8.0_212-b04) (build 1.8.0_212-release-1586-b04)
# Java VM: OpenJDK 64-Bit Server VM (25.212-b04 mixed mode windows-amd64 compressed oops)
Heap:
 PSYoungGen      total 342016K, used 51009K [0x00000000e0000000, 0x00000000f9c80000, 0x0000000100000000)
  eden space 318464K, 11% used [0x00000000e0000000,0x00000000e23598e0,0x00000000f3700000)
  from space 23552K, 62% used [0x00000000f5f80000,0x00000000f6df6da0,0x00000000f7680000)
  to   space 41472K, 0% used [0x00000000f3700000,0x00000000f3700000,0x00000000f5f80000)
 ParOldGen       total 79360K, used 79277K [0x00000000a0000000, 0x00000000a4d80000, 0x00000000e0000000)
  object space 79360K, 99% used [0x00000000a0000000,0x00000000a4d6b6a8,0x00000000a4d80000)
 Metaspace       used 74419K, capacity 77480K, committed 77528K, reserved 1120256K
  class space    used 10048K, capacity 10710K, committed 10712K, reserved 1048576K
GC Heap History (10 events):
Event: 68.800 GC heap after
Heap after GC invocations=14 (full 2):
 PSYoungGen      total 272384K, used 10257K [0x00000000e0000000, 0x00000000f2100000, 0x0000000100000000)
  eden space 258048K, 0% used [0x00000000e0000000,0x00000000e0000000,0x00000000efc00000)
  from space 14336K, 71% used [0x00000000f1300000,0x00000000f1d04480,0x00000000f2100000)
  to   space 18944K, 0% used [0x00000000efc00000,0x00000000efc00000,0x00000000f0e80000)
 ParOldGen       total 47104K, used 38669K [0x00000000a0000000, 0x00000000a2e00000, 0x00000000e0000000)
  object space 47104K, 82% used [0x00000000a0000000,0x00000000a25c3518,0x00000000a2e00000)
 Metaspace       used 57010K, capacity 58950K, committed 59096K, reserved 1099776K
  class space    used 7824K, capacity 8323K, committed 8408K, reserved 1048576K
}
Event: 68.800 GC heap before
{Heap before GC invocations=15 (full 3):
 PSYoungGen      total 272384K, used 10257K [0x00000000e0000000, 0x00000000f2100000, 0x0000000100000000)
  eden space 258048K, 0% used [0x00000000e0000000,0x00000000e0000000,0x00000000efc00000)
  from space 14336K, 71% used [0x00000000f1300000,0x00000000f1d04480,0x00000000f2100000)
  to   space 18944K, 0% used [0x00000000efc00000,0x00000000efc00000,0x00000000f0e80000)
 ParOldGen       total 47104K, used 38669K [0x00000000a0000000, 0x00000000a2e00000, 0x00000000e0000000)
  object space 47104K, 82% used [0x00000000a0000000,0x00000000a25c3518,0x00000000a2e00000)
 Metaspace       used 57010K, capacity 58950K, committed 59096K, reserved 1099776K
  class space    used 7824K, capacity 8323K, committed 8408K, reserved 1048576K
Event: 69.619 GC heap after
Heap after GC invocations=15 (full 3):
 PSYoungGen      total 272384K, used 0K [0x00000000e0000000, 0x00000000f2100000, 0x0000000100000000)
  eden space 258048K, 0% used [0x00000000e0000000,0x00000000e0000000,0x00000000efc00000)
  from space 14336K, 0% used [0x00000000f1300000,0x00000000f1300000,0x00000000f2100000)
  to   space 18944K, 0% used [0x00000000efc00000,0x00000000efc00000,0x00000000f0e80000)
 ParOldGen       total 78848K, used 36083K [0x00000000a0000000, 0x00000000a4d00000, 0x00000000e0000000)
  object space 78848K, 45% used [0x00000000a0000000,0x00000000a233cf68,0x00000000a4d00000)
 Metaspace       used 57010K, capacity 58950K, committed 59096K, reserved 1099776K
  class space    used 7824K, capacity 8323K, committed 8408K, reserved 1048576K
}
Event: 142.429 GC heap before
{Heap before GC invocations=16 (full 3):
 PSYoungGen      total 272384K, used 258048K [0x00000000e0000000, 0x00000000f2100000, 0x0000000100000000)
  eden space 258048K, 100% used [0x00000000e0000000,0x00000000efc00000,0x00000000efc00000)
  from space 14336K, 0% used [0x00000000f1300000,0x00000000f1300000,0x00000000f2100000)
  to   space 18944K, 0% used [0x00000000efc00000,0x00000000efc00000,0x00000000f0e80000)
 ParOldGen       total 78848K, used 36083K [0x00000000a0000000, 0x00000000a4d00000, 0x00000000e0000000)
  object space 78848K, 45% used [0x00000000a0000000,0x00000000a233cf68,0x00000000a4d00000)
 Metaspace       used 65193K, capacity 67554K, committed 67800K, reserved 1107968K
  class space    used 8827K, capacity 9351K, committed 9432K, reserved 1048576K
Event: 142.527 GC heap after
Heap after GC invocations=16 (full 3):
 PSYoungGen      total 276992K, used 18939K [0x00000000e0000000, 0x00000000f7680000, 0x0000000100000000)
  eden space 258048K, 0% used [0x00000000e0000000,0x00000000e0000000,0x00000000efc00000)
  from space 18944K, 99% used [0x00000000efc00000,0x00000000f0e7eda8,0x00000000f0e80000)
  to   space 23552K, 0% used [0x00000000f5f80000,0x00000000f5f80000,0x00000000f7680000)
 ParOldGen       total 78848K, used 40125K [0x00000000a0000000, 0x00000000a4d00000, 0x00000000e0000000)
  object space 78848K, 50% used [0x00000000a0000000,0x00000000a272f590,0x00000000a4d00000)
 Metaspace       used 65193K, capacity 67554K, committed 67800K, reserved 1107968K
  class space    used 8827K, capacity 9351K, committed 9432K, reserved 1048576K
}
Event: 162.807 GC heap before
{Heap before GC invocations=17 (full 3):
 PSYoungGen      total 276992K, used 274415K [0x00000000e0000000, 0x00000000f7680000, 0x0000000100000000)
  eden space 258048K, 99% used [0x00000000e0000000,0x00000000ef97d1e8,0x00000000efc00000)
  from space 18944K, 99% used [0x00000000efc00000,0x00000000f0e7eda8,0x00000000f0e80000)
  to   space 23552K, 0% used [0x00000000f5f80000,0x00000000f5f80000,0x00000000f7680000)
 ParOldGen       total 78848K, used 40125K [0x00000000a0000000, 0x00000000a4d00000, 0x00000000e0000000)
  object space 78848K, 50% used [0x00000000a0000000,0x00000000a272f590,0x00000000a4d00000)
 Metaspace       used 74050K, capacity 77026K, committed 77272K, reserved 1116160K
  class space    used 10002K, capacity 10657K, committed 10712K, reserved 1048576K
Event: 163.319 GC heap after
Heap after GC invocations=17 (full 3):
 PSYoungGen      total 342016K, used 23540K [0x00000000e0000000, 0x00000000f9c80000, 0x0000000100000000)
  eden space 318464K, 0% used [0x00000000e0000000,0x00000000e0000000,0x00000000f3700000)
  from space 23552K, 99% used [0x00000000f5f80000,0x00000000f767d230,0x00000000f7680000)
  to   space 41472K, 0% used [0x00000000f3700000,0x00000000f3700000,0x00000000f5f80000)
 ParOldGen       total 79360K, used 79190K [0x00000000a0000000, 0x00000000a4d80000, 0x00000000e0000000)
  object space 79360K, 99% used [0x00000000a0000000,0x00000000a4d55940,0x00000000a4d80000)
 Metaspace       used 74050K, capacity 77026K, committed 77272K, reserved 1116160K
  class space    used 10002K, capacity 10657K, committed 10712K, reserved 1048576K
}
Event: 163.319 GC heap before
{Heap before GC invocations=18 (full 4):
 PSYoungGen      total 342016K, used 23540K [0x00000000e0000000, 0x00000000f9c80000, 0x0000000100000000)
  eden space 318464K, 0% used [0x00000000e0000000,0x00000000e0000000,0x00000000f3700000)
  from space 23552K, 99% used [0x00000000f5f80000,0x00000000f767d230,0x00000000f7680000)
  to   space 41472K, 0% used [0x00000000f3700000,0x00000000f3700000,0x00000000f5f80000)
 ParOldGen       total 79360K, used 79190K [0x00000000a0000000, 0x00000000a4d80000, 0x00000000e0000000)
  object space 79360K, 99% used [0x00000000a0000000,0x00000000a4d55940,0x00000000a4d80000)
 Metaspace       used 74050K, capacity 77026K, committed 77272K, reserved 1116160K
  class space    used 10002K, capacity 10657K, committed 10712K, reserved 1048576K
Event: 166.120 GC heap after
Heap after GC invocations=18 (full 4):
 PSYoungGen      total 342016K, used 14811K [0x00000000e0000000, 0x00000000f9c80000, 0x0000000100000000)
  eden space 318464K, 0% used [0x00000000e0000000,0x00000000e0000000,0x00000000f3700000)
  from space 23552K, 62% used [0x00000000f5f80000,0x00000000f6df6da0,0x00000000f7680000)
  to   space 41472K, 0% used [0x00000000f3700000,0x00000000f3700000,0x00000000f5f80000)
 ParOldGen       total 79360K, used 79277K [0x00000000a0000000, 0x00000000a4d80000, 0x00000000e0000000)
  object space 79360K, 99% used [0x00000000a0000000,0x00000000a4d6b6a8,0x00000000a4d80000)
 Metaspace       used 74030K, capacity 76968K, committed 77272K, reserved 1116160K
  class space    used 9996K, capacity 10646K, committed 10712K, reserved 1048576K
}
Event: 170.221 GC heap before
{Heap before GC invocations=19 (full 5):
 PSYoungGen      total 342016K, used 51009K [0x00000000e0000000, 0x00000000f9c80000, 0x0000000100000000)
  eden space 318464K, 11% used [0x00000000e0000000,0x00000000e23598e0,0x00000000f3700000)
  from space 23552K, 62% used [0x00000000f5f80000,0x00000000f6df6da0,0x00000000f7680000)
  to   space 41472K, 0% used [0x00000000f3700000,0x00000000f3700000,0x00000000f5f80000)
 ParOldGen       total 79360K, used 79277K [0x00000000a0000000, 0x00000000a4d80000, 0x00000000e0000000)
  object space 79360K, 99% used [0x00000000a0000000,0x00000000a4d6b6a8,0x00000000a4d80000)
 Metaspace       used 74419K, capacity 77480K, committed 77528K, reserved 1120256K
  class space    used 10048K, capacity 10710K, committed 10712K, reserved 1048576K

