# JRE version: OpenJDK Runtime Environment (8.0_212-b04) (build 1.8.0_212-release-1586-b04)
# Java VM: OpenJDK 64-Bit Server VM (25.212-b04 mixed mode windows-amd64 compressed oops)
Heap:
 PSYoungGen      total 270848K, used 217007K [0x00000000e0000000, 0x00000000f6380000, 0x0000000100000000)
  eden space 246784K, 78% used [0x00000000e0000000,0x00000000ebc6c8c8,0x00000000ef100000)
  from space 24064K, 99% used [0x00000000ef100000,0x00000000f087f618,0x00000000f0880000)
  to   space 31232K, 0% used [0x00000000f4500000,0x00000000f4500000,0x00000000f6380000)
 ParOldGen       total 94208K, used 45422K [0x00000000a0000000, 0x00000000a5c00000, 0x00000000e0000000)
  object space 94208K, 48% used [0x00000000a0000000,0x00000000a2c5b9a0,0x00000000a5c00000)
 Metaspace       used 69726K, capacity 72188K, committed 72408K, reserved 1112064K
  class space    used 9339K, capacity 9876K, committed 9944K, reserved 1048576K
GC Heap History (10 events):
Event: 23.744 GC heap before
{Heap before GC invocations=10 (full 2):
 PSYoungGen      total 210944K, used 10384K [0x00000000e0000000, 0x00000000ee100000, 0x0000000100000000)
  eden space 197632K, 0% used [0x00000000e0000000,0x00000000e0000000,0x00000000ec100000)
  from space 13312K, 78% used [0x00000000ecf00000,0x00000000ed924398,0x00000000edc00000)
  to   space 14336K, 0% used [0x00000000ec100000,0x00000000ec100000,0x00000000ecf00000)
 ParOldGen       total 39936K, used 12947K [0x00000000a0000000, 0x00000000a2700000, 0x00000000e0000000)
  object space 39936K, 32% used [0x00000000a0000000,0x00000000a0ca4d18,0x00000000a2700000)
 Metaspace       used 34631K, capacity 35400K, committed 35456K, reserved 1079296K
  class space    used 4731K, capacity 4953K, committed 4992K, reserved 1048576K
Event: 23.925 GC heap after
Heap after GC invocations=10 (full 2):
 PSYoungGen      total 210944K, used 0K [0x00000000e0000000, 0x00000000ee100000, 0x0000000100000000)
  eden space 197632K, 0% used [0x00000000e0000000,0x00000000e0000000,0x00000000ec100000)
  from space 13312K, 0% used [0x00000000ecf00000,0x00000000ecf00000,0x00000000edc00000)
  to   space 14336K, 0% used [0x00000000ec100000,0x00000000ec100000,0x00000000ecf00000)
 ParOldGen       total 59392K, used 17096K [0x00000000a0000000, 0x00000000a3a00000, 0x00000000e0000000)
  object space 59392K, 28% used [0x00000000a0000000,0x00000000a10b2000,0x00000000a3a00000)
 Metaspace       used 34631K, capacity 35400K, committed 35456K, reserved 1079296K
  class space    used 4731K, capacity 4953K, committed 4992K, reserved 1048576K
}
Event: 43.137 GC heap before
{Heap before GC invocations=11 (full 2):
 PSYoungGen      total 210944K, used 197632K [0x00000000e0000000, 0x00000000ee100000, 0x0000000100000000)
  eden space 197632K, 100% used [0x00000000e0000000,0x00000000ec100000,0x00000000ec100000)
  from space 13312K, 0% used [0x00000000ecf00000,0x00000000ecf00000,0x00000000edc00000)
  to   space 14336K, 0% used [0x00000000ec100000,0x00000000ec100000,0x00000000ecf00000)
 ParOldGen       total 59392K, used 17096K [0x00000000a0000000, 0x00000000a3a00000, 0x00000000e0000000)
  object space 59392K, 28% used [0x00000000a0000000,0x00000000a10b2000,0x00000000a3a00000)
 Metaspace       used 51413K, capacity 53068K, committed 53248K, reserved 1095680K
  class space    used 6987K, capacity 7379K, committed 7424K, reserved 1048576K
Event: 43.209 GC heap after
Heap after GC invocations=11 (full 2):
 PSYoungGen      total 211968K, used 14323K [0x00000000e0000000, 0x00000000f1c80000, 0x0000000100000000)
  eden space 197632K, 0% used [0x00000000e0000000,0x00000000e0000000,0x00000000ec100000)
  from space 14336K, 99% used [0x00000000ec100000,0x00000000ecefcce8,0x00000000ecf00000)
  to   space 20480K, 0% used [0x00000000f0880000,0x00000000f0880000,0x00000000f1c80000)
 ParOldGen       total 59392K, used 26571K [0x00000000a0000000, 0x00000000a3a00000, 0x00000000e0000000)
  object space 59392K, 44% used [0x00000000a0000000,0x00000000a19f2ca0,0x00000000a3a00000)
 Metaspace       used 51413K, capacity 53068K, committed 53248K, reserved 1095680K
  class space    used 6987K, capacity 7379K, committed 7424K, reserved 1048576K
}
Event: 50.877 GC heap before
{Heap before GC invocations=12 (full 2):
 PSYoungGen      total 211968K, used 113748K [0x00000000e0000000, 0x00000000f1c80000, 0x0000000100000000)
  eden space 197632K, 50% used [0x00000000e0000000,0x00000000e61186f0,0x00000000ec100000)
  from space 14336K, 99% used [0x00000000ec100000,0x00000000ecefcce8,0x00000000ecf00000)
  to   space 20480K, 0% used [0x00000000f0880000,0x00000000f0880000,0x00000000f1c80000)
 ParOldGen       total 59392K, used 26571K [0x00000000a0000000, 0x00000000a3a00000, 0x00000000e0000000)
  object space 59392K, 44% used [0x00000000a0000000,0x00000000a19f2ca0,0x00000000a3a00000)
 Metaspace       used 57147K, capacity 59014K, committed 59096K, reserved 1099776K
  class space    used 7847K, capacity 8347K, committed 8408K, reserved 1048576K
Event: 50.981 GC heap after
Heap after GC invocations=12 (full 2):
 PSYoungGen      total 267264K, used 20462K [0x00000000e0000000, 0x00000000f2480000, 0x0000000100000000)
  eden space 246784K, 0% used [0x00000000e0000000,0x00000000e0000000,0x00000000ef100000)
  from space 20480K, 99% used [0x00000000f0880000,0x00000000f1c7b838,0x00000000f1c80000)
  to   space 24064K, 0% used [0x00000000ef100000,0x00000000ef100000,0x00000000f0880000)
 ParOldGen       total 59392K, used 28717K [0x00000000a0000000, 0x00000000a3a00000, 0x00000000e0000000)
  object space 59392K, 48% used [0x00000000a0000000,0x00000000a1c0b528,0x00000000a3a00000)
 Metaspace       used 57147K, capacity 59014K, committed 59096K, reserved 1099776K
  class space    used 7847K, capacity 8347K, committed 8408K, reserved 1048576K
}
Event: 50.981 GC heap before
{Heap before GC invocations=13 (full 3):
 PSYoungGen      total 267264K, used 20462K [0x00000000e0000000, 0x00000000f2480000, 0x0000000100000000)
  eden space 246784K, 0% used [0x00000000e0000000,0x00000000e0000000,0x00000000ef100000)
  from space 20480K, 99% used [0x00000000f0880000,0x00000000f1c7b838,0x00000000f1c80000)
  to   space 24064K, 0% used [0x00000000ef100000,0x00000000ef100000,0x00000000f0880000)
 ParOldGen       total 59392K, used 28717K [0x00000000a0000000, 0x00000000a3a00000, 0x00000000e0000000)
  object space 59392K, 48% used [0x00000000a0000000,0x00000000a1c0b528,0x00000000a3a00000)
 Metaspace       used 57147K, capacity 59014K, committed 59096K, reserved 1099776K
  class space    used 7847K, capacity 8347K, committed 8408K, reserved 1048576K
Event: 51.625 GC heap after
Heap after GC invocations=13 (full 3):
 PSYoungGen      total 267264K, used 0K [0x00000000e0000000, 0x00000000f2480000, 0x0000000100000000)
  eden space 246784K, 0% used [0x00000000e0000000,0x00000000e0000000,0x00000000ef100000)
  from space 20480K, 0% used [0x00000000f0880000,0x00000000f0880000,0x00000000f1c80000)
  to   space 24064K, 0% used [0x00000000ef100000,0x00000000ef100000,0x00000000f0880000)
 ParOldGen       total 94208K, used 36836K [0x00000000a0000000, 0x00000000a5c00000, 0x00000000e0000000)
  object space 94208K, 39% used [0x00000000a0000000,0x00000000a23f92a8,0x00000000a5c00000)
 Metaspace       used 57147K, capacity 59014K, committed 59096K, reserved 1099776K
  class space    used 7847K, capacity 8347K, committed 8408K, reserved 1048576K
}
Event: 74.917 GC heap before
{Heap before GC invocations=14 (full 3):
 PSYoungGen      total 267264K, used 246784K [0x00000000e0000000, 0x00000000f2480000, 0x0000000100000000)
  eden space 246784K, 100% used [0x00000000e0000000,0x00000000ef100000,0x00000000ef100000)
  from space 20480K, 0% used [0x00000000f0880000,0x00000000f0880000,0x00000000f1c80000)
  to   space 24064K, 0% used [0x00000000ef100000,0x00000000ef100000,0x00000000f0880000)
 ParOldGen       total 94208K, used 36836K [0x00000000a0000000, 0x00000000a5c00000, 0x00000000e0000000)
  object space 94208K, 39% used [0x00000000a0000000,0x00000000a23f92a8,0x00000000a5c00000)
 Metaspace       used 64207K, capacity 66376K, committed 66648K, reserved 1105920K
  class space    used 8715K, capacity 9196K, committed 9304K, reserved 1048576K
Event: 75.030 GC heap after
Heap after GC invocations=14 (full 3):
 PSYoungGen      total 270848K, used 24061K [0x00000000e0000000, 0x00000000f6380000, 0x0000000100000000)
  eden space 246784K, 0% used [0x00000000e0000000,0x00000000e0000000,0x00000000ef100000)
  from space 24064K, 99% used [0x00000000ef100000,0x00000000f087f618,0x00000000f0880000)
  to   space 31232K, 0% used [0x00000000f4500000,0x00000000f4500000,0x00000000f6380000)
 ParOldGen       total 94208K, used 45422K [0x00000000a0000000, 0x00000000a5c00000, 0x00000000e0000000)
  object space 94208K, 48% used [0x00000000a0000000,0x00000000a2c5b9a0,0x00000000a5c00000)
 Metaspace       used 64207K, capacity 66376K, committed 66648K, reserved 1105920K
  class space    used 8715K, capacity 9196K, committed 9304K, reserved 1048576K
}

