# JRE version: OpenJDK Runtime Environment (8.0_212-b04) (build 1.8.0_212-release-1586-b04)
# Java VM: OpenJDK 64-Bit Server VM (25.212-b04 mixed mode windows-amd64 compressed oops)
Heap:
 PSYoungGen      total 273920K, used 223073K [0x00000000e0000000, 0x00000000f3800000, 0x0000000100000000)
  eden space 230400K, 86% used [0x00000000e0000000,0x00000000ec195b90,0x00000000ee100000)
  from space 43520K, 57% used [0x00000000f0d80000,0x00000000f25c2b90,0x00000000f3800000)
  to   space 44544K, 0% used [0x00000000ee100000,0x00000000ee100000,0x00000000f0c80000)
 ParOldGen       total 162816K, used 65839K [0x00000000a0000000, 0x00000000a9f00000, 0x00000000e0000000)
  object space 162816K, 40% used [0x00000000a0000000,0x00000000a404bd98,0x00000000a9f00000)
 Metaspace       used 98296K, capacity 102168K, committed 102400K, reserved 1138688K
  class space    used 12640K, capacity 13477K, committed 13568K, reserved 1048576K
GC Heap History (10 events):
Event: 1745.205 GC heap before
{Heap before GC invocations=16 (full 3):
 PSYoungGen      total 237568K, used 237557K [0x00000000e0000000, 0x00000000f1a80000, 0x0000000100000000)
  eden space 214528K, 100% used [0x00000000e0000000,0x00000000ed180000,0x00000000ed180000)
  from space 23040K, 99% used [0x00000000ef780000,0x00000000f0dfd5c0,0x00000000f0e00000)
  to   space 37376K, 0% used [0x00000000ed180000,0x00000000ed180000,0x00000000ef600000)
 ParOldGen       total 99328K, used 58038K [0x00000000a0000000, 0x00000000a6100000, 0x00000000e0000000)
  object space 99328K, 58% used [0x00000000a0000000,0x00000000a38ad950,0x00000000a6100000)
 Metaspace       used 75018K, capacity 77616K, committed 77952K, reserved 1116160K
  class space    used 9732K, capacity 10296K, committed 10368K, reserved 1048576K
Event: 1745.353 GC heap after
Heap after GC invocations=16 (full 3):
 PSYoungGen      total 243712K, used 37358K [0x00000000e0000000, 0x00000000f2480000, 0x0000000100000000)
  eden space 206336K, 0% used [0x00000000e0000000,0x00000000e0000000,0x00000000ec980000)
  from space 37376K, 99% used [0x00000000ed180000,0x00000000ef5fba20,0x00000000ef600000)
  to   space 46592K, 0% used [0x00000000ef700000,0x00000000ef700000,0x00000000f2480000)
 ParOldGen       total 99328K, used 66169K [0x00000000a0000000, 0x00000000a6100000, 0x00000000e0000000)
  object space 99328K, 66% used [0x00000000a0000000,0x00000000a409e4d0,0x00000000a6100000)
 Metaspace       used 75018K, capacity 77616K, committed 77952K, reserved 1116160K
  class space    used 9732K, capacity 10296K, committed 10368K, reserved 1048576K
}
Event: 1791.196 GC heap before
{Heap before GC invocations=17 (full 3):
 PSYoungGen      total 243712K, used 243694K [0x00000000e0000000, 0x00000000f2480000, 0x0000000100000000)
  eden space 206336K, 100% used [0x00000000e0000000,0x00000000ec980000,0x00000000ec980000)
  from space 37376K, 99% used [0x00000000ed180000,0x00000000ef5fba20,0x00000000ef600000)
  to   space 46592K, 0% used [0x00000000ef700000,0x00000000ef700000,0x00000000f2480000)
 ParOldGen       total 99328K, used 66169K [0x00000000a0000000, 0x00000000a6100000, 0x00000000e0000000)
  object space 99328K, 66% used [0x00000000a0000000,0x00000000a409e4d0,0x00000000a6100000)
 Metaspace       used 87069K, capacity 90232K, committed 90496K, reserved 1128448K
  class space    used 11192K, capacity 11868K, committed 11904K, reserved 1048576K
Event: 1791.373 GC heap after
Heap after GC invocations=17 (full 3):
 PSYoungGen      total 237568K, used 25719K [0x00000000e0000000, 0x00000000f1d00000, 0x0000000100000000)
  eden space 198656K, 0% used [0x00000000e0000000,0x00000000e0000000,0x00000000ec200000)
  from space 38912K, 66% used [0x00000000ef700000,0x00000000f101dc08,0x00000000f1d00000)
  to   space 46592K, 0% used [0x00000000ec200000,0x00000000ec200000,0x00000000eef80000)
 ParOldGen       total 99328K, used 87793K [0x00000000a0000000, 0x00000000a6100000, 0x00000000e0000000)
  object space 99328K, 88% used [0x00000000a0000000,0x00000000a55bc5f8,0x00000000a6100000)
 Metaspace       used 87069K, capacity 90232K, committed 90496K, reserved 1128448K
  class space    used 11192K, capacity 11868K, committed 11904K, reserved 1048576K
}
Event: 1791.373 GC heap before
{Heap before GC invocations=18 (full 4):
 PSYoungGen      total 237568K, used 25719K [0x00000000e0000000, 0x00000000f1d00000, 0x0000000100000000)
  eden space 198656K, 0% used [0x00000000e0000000,0x00000000e0000000,0x00000000ec200000)
  from space 38912K, 66% used [0x00000000ef700000,0x00000000f101dc08,0x00000000f1d00000)
  to   space 46592K, 0% used [0x00000000ec200000,0x00000000ec200000,0x00000000eef80000)
 ParOldGen       total 99328K, used 87793K [0x00000000a0000000, 0x00000000a6100000, 0x00000000e0000000)
  object space 99328K, 88% used [0x00000000a0000000,0x00000000a55bc5f8,0x00000000a6100000)
 Metaspace       used 87069K, capacity 90232K, committed 90496K, reserved 1128448K
  class space    used 11192K, capacity 11868K, committed 11904K, reserved 1048576K
Event: 1792.381 GC heap after
Heap after GC invocations=18 (full 4):
 PSYoungGen      total 237568K, used 0K [0x00000000e0000000, 0x00000000f1d00000, 0x0000000100000000)
  eden space 198656K, 0% used [0x00000000e0000000,0x00000000e0000000,0x00000000ec200000)
  from space 38912K, 0% used [0x00000000ef700000,0x00000000ef700000,0x00000000f1d00000)
  to   space 46592K, 0% used [0x00000000ec200000,0x00000000ec200000,0x00000000eef80000)
 ParOldGen       total 162816K, used 65823K [0x00000000a0000000, 0x00000000a9f00000, 0x00000000e0000000)
  object space 162816K, 40% used [0x00000000a0000000,0x00000000a4047d98,0x00000000a9f00000)
 Metaspace       used 86604K, capacity 89412K, committed 90496K, reserved 1128448K
  class space    used 11105K, capacity 11712K, committed 11904K, reserved 1048576K
}
Event: 1876.446 GC heap before
{Heap before GC invocations=19 (full 4):
 PSYoungGen      total 237568K, used 198656K [0x00000000e0000000, 0x00000000f1d00000, 0x0000000100000000)
  eden space 198656K, 100% used [0x00000000e0000000,0x00000000ec200000,0x00000000ec200000)
  from space 38912K, 0% used [0x00000000ef700000,0x00000000ef700000,0x00000000f1d00000)
  to   space 46592K, 0% used [0x00000000ec200000,0x00000000ec200000,0x00000000eef80000)
 ParOldGen       total 162816K, used 65823K [0x00000000a0000000, 0x00000000a9f00000, 0x00000000e0000000)
  object space 162816K, 40% used [0x00000000a0000000,0x00000000a4047d98,0x00000000a9f00000)
 Metaspace       used 90658K, capacity 94178K, committed 94336K, reserved 1130496K
  class space    used 11628K, capacity 12401K, committed 12416K, reserved 1048576K
Event: 1876.548 GC heap after
Heap after GC invocations=19 (full 4):
 PSYoungGen      total 245248K, used 12778K [0x00000000e0000000, 0x00000000f3980000, 0x0000000100000000)
  eden space 198656K, 0% used [0x00000000e0000000,0x00000000e0000000,0x00000000ec200000)
  from space 46592K, 27% used [0x00000000ec200000,0x00000000ece7a958,0x00000000eef80000)
  to   space 45056K, 0% used [0x00000000f0d80000,0x00000000f0d80000,0x00000000f3980000)
 ParOldGen       total 162816K, used 65831K [0x00000000a0000000, 0x00000000a9f00000, 0x00000000e0000000)
  object space 162816K, 40% used [0x00000000a0000000,0x00000000a4049d98,0x00000000a9f00000)
 Metaspace       used 90658K, capacity 94178K, committed 94336K, reserved 1130496K
  class space    used 11628K, capacity 12401K, committed 12416K, reserved 1048576K
}
Event: 1914.725 GC heap before
{Heap before GC invocations=20 (full 4):
 PSYoungGen      total 245248K, used 211434K [0x00000000e0000000, 0x00000000f3980000, 0x0000000100000000)
  eden space 198656K, 100% used [0x00000000e0000000,0x00000000ec200000,0x00000000ec200000)
  from space 46592K, 27% used [0x00000000ec200000,0x00000000ece7a958,0x00000000eef80000)
  to   space 45056K, 0% used [0x00000000f0d80000,0x00000000f0d80000,0x00000000f3980000)
 ParOldGen       total 162816K, used 65831K [0x00000000a0000000, 0x00000000a9f00000, 0x00000000e0000000)
  object space 162816K, 40% used [0x00000000a0000000,0x00000000a4049d98,0x00000000a9f00000)
 Metaspace       used 91856K, capacity 95368K, committed 95616K, reserved 1132544K
  class space    used 11750K, capacity 12559K, committed 12672K, reserved 1048576K
Event: 1914.898 GC heap after
Heap after GC invocations=20 (full 4):
 PSYoungGen      total 273920K, used 24842K [0x00000000e0000000, 0x00000000f3800000, 0x0000000100000000)
  eden space 230400K, 0% used [0x00000000e0000000,0x00000000e0000000,0x00000000ee100000)
  from space 43520K, 57% used [0x00000000f0d80000,0x00000000f25c2b90,0x00000000f3800000)
  to   space 44544K, 0% used [0x00000000ee100000,0x00000000ee100000,0x00000000f0c80000)
 ParOldGen       total 162816K, used 65839K [0x00000000a0000000, 0x00000000a9f00000, 0x00000000e0000000)
  object space 162816K, 40% used [0x00000000a0000000,0x00000000a404bd98,0x00000000a9f00000)
 Metaspace       used 91856K, capacity 95368K, committed 95616K, reserved 1132544K
  class space    used 11750K, capacity 12559K, committed 12672K, reserved 1048576K
}

