# JRE version: OpenJDK Runtime Environment (8.0_212-b04) (build 1.8.0_212-release-1586-b04)
# Java VM: OpenJDK 64-Bit Server VM (25.212-b04 mixed mode windows-amd64 compressed oops)
Heap:
 PSYoungGen      total 225792K, used 198934K [0x00000000e0000000, 0x00000000ef980000, 0x0000000100000000)
  eden space 209920K, 87% used [0x00000000e0000000,0x00000000eb2cb418,0x00000000ecd00000)
  from space 15872K, 99% used [0x00000000eea00000,0x00000000ef97a700,0x00000000ef980000)
  to   space 18432K, 0% used [0x00000000ed580000,0x00000000ed580000,0x00000000ee780000)
 ParOldGen       total 69120K, used 36213K [0x00000000a0000000, 0x00000000a4380000, 0x00000000e0000000)
  object space 69120K, 52% used [0x00000000a0000000,0x00000000a235d6c0,0x00000000a4380000)
 Metaspace       used 68729K, capacity 70964K, committed 71256K, reserved 1110016K
  class space    used 9219K, capacity 9722K, committed 9816K, reserved 1048576K
GC Heap History (10 events):
Event: 82.203 GC heap before
{Heap before GC invocations=17 (full 2):
 PSYoungGen      total 126464K, used 118784K [0x00000000e0000000, 0x00000000e8400000, 0x0000000100000000)
  eden space 118784K, 100% used [0x00000000e0000000,0x00000000e7400000,0x00000000e7400000)
  from space 7680K, 0% used [0x00000000e7c80000,0x00000000e7c80000,0x00000000e8400000)
  to   space 8192K, 0% used [0x00000000e7400000,0x00000000e7400000,0x00000000e7c00000)
 ParOldGen       total 41472K, used 17828K [0x00000000a0000000, 0x00000000a2880000, 0x00000000e0000000)
  object space 41472K, 42% used [0x00000000a0000000,0x00000000a1169378,0x00000000a2880000)
 Metaspace       used 47391K, capacity 48460K, committed 48640K, reserved 1091584K
  class space    used 6323K, capacity 6577K, committed 6656K, reserved 1048576K
Event: 82.247 GC heap after
Heap after GC invocations=17 (full 2):
 PSYoungGen      total 126976K, used 8178K [0x00000000e0000000, 0x00000000ec380000, 0x0000000100000000)
  eden space 118784K, 0% used [0x00000000e0000000,0x00000000e0000000,0x00000000e7400000)
  from space 8192K, 99% used [0x00000000e7400000,0x00000000e7bfc868,0x00000000e7c00000)
  to   space 11776K, 0% used [0x00000000eb800000,0x00000000eb800000,0x00000000ec380000)
 ParOldGen       total 41472K, used 25261K [0x00000000a0000000, 0x00000000a2880000, 0x00000000e0000000)
  object space 41472K, 60% used [0x00000000a0000000,0x00000000a18ab7d0,0x00000000a2880000)
 Metaspace       used 47391K, capacity 48460K, committed 48640K, reserved 1091584K
  class space    used 6323K, capacity 6577K, committed 6656K, reserved 1048576K
}
Event: 88.336 GC heap before
{Heap before GC invocations=18 (full 2):
 PSYoungGen      total 126976K, used 126962K [0x00000000e0000000, 0x00000000ec380000, 0x0000000100000000)
  eden space 118784K, 100% used [0x00000000e0000000,0x00000000e7400000,0x00000000e7400000)
  from space 8192K, 99% used [0x00000000e7400000,0x00000000e7bfc868,0x00000000e7c00000)
  to   space 11776K, 0% used [0x00000000eb800000,0x00000000eb800000,0x00000000ec380000)
 ParOldGen       total 41472K, used 25261K [0x00000000a0000000, 0x00000000a2880000, 0x00000000e0000000)
  object space 41472K, 60% used [0x00000000a0000000,0x00000000a18ab7d0,0x00000000a2880000)
 Metaspace       used 53895K, capacity 55482K, committed 55680K, reserved 1097728K
  class space    used 7399K, capacity 7765K, committed 7808K, reserved 1048576K
Event: 88.391 GC heap after
Heap after GC invocations=18 (full 2):
 PSYoungGen      total 183808K, used 11759K [0x00000000e0000000, 0x00000000eca00000, 0x0000000100000000)
  eden space 172032K, 0% used [0x00000000e0000000,0x00000000e0000000,0x00000000ea800000)
  from space 11776K, 99% used [0x00000000eb800000,0x00000000ec37be50,0x00000000ec380000)
  to   space 16384K, 0% used [0x00000000ea800000,0x00000000ea800000,0x00000000eb800000)
 ParOldGen       total 41472K, used 32874K [0x00000000a0000000, 0x00000000a2880000, 0x00000000e0000000)
  object space 41472K, 79% used [0x00000000a0000000,0x00000000a201a960,0x00000000a2880000)
 Metaspace       used 53895K, capacity 55482K, committed 55680K, reserved 1097728K
  class space    used 7399K, capacity 7765K, committed 7808K, reserved 1048576K
}
Event: 94.131 GC heap before
{Heap before GC invocations=19 (full 2):
 PSYoungGen      total 183808K, used 65110K [0x00000000e0000000, 0x00000000eca00000, 0x0000000100000000)
  eden space 172032K, 31% used [0x00000000e0000000,0x00000000e3419af8,0x00000000ea800000)
  from space 11776K, 99% used [0x00000000eb800000,0x00000000ec37be50,0x00000000ec380000)
  to   space 16384K, 0% used [0x00000000ea800000,0x00000000ea800000,0x00000000eb800000)
 ParOldGen       total 41472K, used 32874K [0x00000000a0000000, 0x00000000a2880000, 0x00000000e0000000)
  object space 41472K, 79% used [0x00000000a0000000,0x00000000a201a960,0x00000000a2880000)
 Metaspace       used 57265K, capacity 59016K, committed 59096K, reserved 1099776K
  class space    used 7884K, capacity 8348K, committed 8408K, reserved 1048576K
Event: 94.212 GC heap after
Heap after GC invocations=19 (full 2):
 PSYoungGen      total 188416K, used 6317K [0x00000000e0000000, 0x00000000ef980000, 0x0000000100000000)
  eden space 172032K, 0% used [0x00000000e0000000,0x00000000e0000000,0x00000000ea800000)
  from space 16384K, 38% used [0x00000000ea800000,0x00000000eae2b590,0x00000000eb800000)
  to   space 15872K, 0% used [0x00000000eea00000,0x00000000eea00000,0x00000000ef980000)
 ParOldGen       total 41472K, used 39723K [0x00000000a0000000, 0x00000000a2880000, 0x00000000e0000000)
  object space 41472K, 95% used [0x00000000a0000000,0x00000000a26cadb0,0x00000000a2880000)
 Metaspace       used 57265K, capacity 59016K, committed 59096K, reserved 1099776K
  class space    used 7884K, capacity 8348K, committed 8408K, reserved 1048576K
}
Event: 94.212 GC heap before
{Heap before GC invocations=20 (full 3):
 PSYoungGen      total 188416K, used 6317K [0x00000000e0000000, 0x00000000ef980000, 0x0000000100000000)
  eden space 172032K, 0% used [0x00000000e0000000,0x00000000e0000000,0x00000000ea800000)
  from space 16384K, 38% used [0x00000000ea800000,0x00000000eae2b590,0x00000000eb800000)
  to   space 15872K, 0% used [0x00000000eea00000,0x00000000eea00000,0x00000000ef980000)
 ParOldGen       total 41472K, used 39723K [0x00000000a0000000, 0x00000000a2880000, 0x00000000e0000000)
  object space 41472K, 95% used [0x00000000a0000000,0x00000000a26cadb0,0x00000000a2880000)
 Metaspace       used 57265K, capacity 59016K, committed 59096K, reserved 1099776K
  class space    used 7884K, capacity 8348K, committed 8408K, reserved 1048576K
Event: 94.831 GC heap after
Heap after GC invocations=20 (full 3):
 PSYoungGen      total 188416K, used 0K [0x00000000e0000000, 0x00000000ef980000, 0x0000000100000000)
  eden space 172032K, 0% used [0x00000000e0000000,0x00000000e0000000,0x00000000ea800000)
  from space 16384K, 0% used [0x00000000ea800000,0x00000000ea800000,0x00000000eb800000)
  to   space 15872K, 0% used [0x00000000eea00000,0x00000000eea00000,0x00000000ef980000)
 ParOldGen       total 69120K, used 35152K [0x00000000a0000000, 0x00000000a4380000, 0x00000000e0000000)
  object space 69120K, 50% used [0x00000000a0000000,0x00000000a2254320,0x00000000a4380000)
 Metaspace       used 57265K, capacity 59016K, committed 59096K, reserved 1099776K
  class space    used 7884K, capacity 8348K, committed 8408K, reserved 1048576K
}
Event: 112.963 GC heap before
{Heap before GC invocations=21 (full 3):
 PSYoungGen      total 188416K, used 172032K [0x00000000e0000000, 0x00000000ef980000, 0x0000000100000000)
  eden space 172032K, 100% used [0x00000000e0000000,0x00000000ea800000,0x00000000ea800000)
  from space 16384K, 0% used [0x00000000ea800000,0x00000000ea800000,0x00000000eb800000)
  to   space 15872K, 0% used [0x00000000eea00000,0x00000000eea00000,0x00000000ef980000)
 ParOldGen       total 69120K, used 35152K [0x00000000a0000000, 0x00000000a4380000, 0x00000000e0000000)
  object space 69120K, 50% used [0x00000000a0000000,0x00000000a2254320,0x00000000a4380000)
 Metaspace       used 62547K, capacity 64616K, committed 64856K, reserved 1105920K
  class space    used 8521K, capacity 8984K, committed 9048K, reserved 1048576K
Event: 113.023 GC heap after
Heap after GC invocations=21 (full 3):
 PSYoungGen      total 225792K, used 15849K [0x00000000e0000000, 0x00000000ef980000, 0x0000000100000000)
  eden space 209920K, 0% used [0x00000000e0000000,0x00000000e0000000,0x00000000ecd00000)
  from space 15872K, 99% used [0x00000000eea00000,0x00000000ef97a700,0x00000000ef980000)
  to   space 18432K, 0% used [0x00000000ed580000,0x00000000ed580000,0x00000000ee780000)
 ParOldGen       total 69120K, used 36213K [0x00000000a0000000, 0x00000000a4380000, 0x00000000e0000000)
  object space 69120K, 52% used [0x00000000a0000000,0x00000000a235d6c0,0x00000000a4380000)
 Metaspace       used 62547K, capacity 64616K, committed 64856K, reserved 1105920K
  class space    used 8521K, capacity 8984K, committed 9048K, reserved 1048576K
}

