# JRE version: OpenJDK Runtime Environment (8.0_212-b04) (build 1.8.0_212-release-1586-b04)
# Java VM: OpenJDK 64-Bit Server VM (25.212-b04 mixed mode windows-amd64 compressed oops)
Heap:
 PSYoungGen      total 297984K, used 25520K [0x00000000e0000000, 0x00000000f3780000, 0x0000000100000000)
  eden space 280064K, 9% used [0x00000000e0000000,0x00000000e18ec220,0x00000000f1180000)
  from space 17920K, 0% used [0x00000000f2600000,0x00000000f2600000,0x00000000f3780000)
  to   space 19456K, 0% used [0x00000000f1180000,0x00000000f1180000,0x00000000f2480000)
 ParOldGen       total 43008K, used 38045K [0x00000000a0000000, 0x00000000a2a00000, 0x00000000e0000000)
  object space 43008K, 88% used [0x00000000a0000000,0x00000000a25275c0,0x00000000a2a00000)
 Metaspace       used 58382K, capacity 60258K, committed 60288K, reserved 1101824K
  class space    used 7863K, capacity 8299K, committed 8320K, reserved 1048576K
GC Heap History (10 events):
Event: 71.996 GC heap before
{Heap before GC invocations=11 (full 1):
 PSYoungGen      total 138752K, used 27029K [0x00000000e0000000, 0x00000000ed680000, 0x0000000100000000)
  eden space 129024K, 13% used [0x00000000e0000000,0x00000000e10ea4d0,0x00000000e7e00000)
  from space 9728K, 99% used [0x00000000e7e00000,0x00000000e877b050,0x00000000e8780000)
  to   space 13312K, 0% used [0x00000000ec980000,0x00000000ec980000,0x00000000ed680000)
 ParOldGen       total 32768K, used 14890K [0x00000000a0000000, 0x00000000a2000000, 0x00000000e0000000)
  object space 32768K, 45% used [0x00000000a0000000,0x00000000a0e8ab48,0x00000000a2000000)
 Metaspace       used 34582K, capacity 35444K, committed 35496K, reserved 1079296K
  class space    used 4590K, capacity 4817K, committed 4864K, reserved 1048576K
Event: 72.116 GC heap after
Heap after GC invocations=11 (full 1):
 PSYoungGen      total 206336K, used 8210K [0x00000000e0000000, 0x00000000ed980000, 0x0000000100000000)
  eden space 193024K, 0% used [0x00000000e0000000,0x00000000e0000000,0x00000000ebc80000)
  from space 13312K, 61% used [0x00000000ec980000,0x00000000ed1849c0,0x00000000ed680000)
  to   space 13312K, 0% used [0x00000000ebc80000,0x00000000ebc80000,0x00000000ec980000)
 ParOldGen       total 32768K, used 14898K [0x00000000a0000000, 0x00000000a2000000, 0x00000000e0000000)
  object space 32768K, 45% used [0x00000000a0000000,0x00000000a0e8cb48,0x00000000a2000000)
 Metaspace       used 34582K, capacity 35444K, committed 35496K, reserved 1079296K
  class space    used 4590K, capacity 4817K, committed 4864K, reserved 1048576K
}
Event: 72.116 GC heap before
{Heap before GC invocations=12 (full 2):
 PSYoungGen      total 206336K, used 8210K [0x00000000e0000000, 0x00000000ed980000, 0x0000000100000000)
  eden space 193024K, 0% used [0x00000000e0000000,0x00000000e0000000,0x00000000ebc80000)
  from space 13312K, 61% used [0x00000000ec980000,0x00000000ed1849c0,0x00000000ed680000)
  to   space 13312K, 0% used [0x00000000ebc80000,0x00000000ebc80000,0x00000000ec980000)
 ParOldGen       total 32768K, used 14898K [0x00000000a0000000, 0x00000000a2000000, 0x00000000e0000000)
  object space 32768K, 45% used [0x00000000a0000000,0x00000000a0e8cb48,0x00000000a2000000)
 Metaspace       used 34582K, capacity 35444K, committed 35496K, reserved 1079296K
  class space    used 4590K, capacity 4817K, committed 4864K, reserved 1048576K
Event: 72.541 GC heap after
Heap after GC invocations=12 (full 2):
 PSYoungGen      total 206336K, used 0K [0x00000000e0000000, 0x00000000ed980000, 0x0000000100000000)
  eden space 193024K, 0% used [0x00000000e0000000,0x00000000e0000000,0x00000000ebc80000)
  from space 13312K, 0% used [0x00000000ec980000,0x00000000ec980000,0x00000000ed680000)
  to   space 13312K, 0% used [0x00000000ebc80000,0x00000000ebc80000,0x00000000ec980000)
 ParOldGen       total 43008K, used 15301K [0x00000000a0000000, 0x00000000a2a00000, 0x00000000e0000000)
  object space 43008K, 35% used [0x00000000a0000000,0x00000000a0ef14b8,0x00000000a2a00000)
 Metaspace       used 34536K, capacity 35340K, committed 35496K, reserved 1079296K
  class space    used 4579K, capacity 4805K, committed 4864K, reserved 1048576K
}
Event: 115.982 GC heap before
{Heap before GC invocations=13 (full 2):
 PSYoungGen      total 206336K, used 193024K [0x00000000e0000000, 0x00000000ed980000, 0x0000000100000000)
  eden space 193024K, 100% used [0x00000000e0000000,0x00000000ebc80000,0x00000000ebc80000)
  from space 13312K, 0% used [0x00000000ec980000,0x00000000ec980000,0x00000000ed680000)
  to   space 13312K, 0% used [0x00000000ebc80000,0x00000000ebc80000,0x00000000ec980000)
 ParOldGen       total 43008K, used 15301K [0x00000000a0000000, 0x00000000a2a00000, 0x00000000e0000000)
  object space 43008K, 35% used [0x00000000a0000000,0x00000000a0ef14b8,0x00000000a2a00000)
 Metaspace       used 48581K, capacity 49874K, committed 50048K, reserved 1093632K
  class space    used 6395K, capacity 6706K, committed 6784K, reserved 1048576K
Event: 116.060 GC heap after
Heap after GC invocations=13 (full 2):
 PSYoungGen      total 206336K, used 13288K [0x00000000e0000000, 0x00000000f3780000, 0x0000000100000000)
  eden space 193024K, 0% used [0x00000000e0000000,0x00000000e0000000,0x00000000ebc80000)
  from space 13312K, 99% used [0x00000000ebc80000,0x00000000ec97a398,0x00000000ec980000)
  to   space 17920K, 0% used [0x00000000f2600000,0x00000000f2600000,0x00000000f3780000)
 ParOldGen       total 43008K, used 21985K [0x00000000a0000000, 0x00000000a2a00000, 0x00000000e0000000)
  object space 43008K, 51% used [0x00000000a0000000,0x00000000a1578518,0x00000000a2a00000)
 Metaspace       used 48581K, capacity 49874K, committed 50048K, reserved 1093632K
  class space    used 6395K, capacity 6706K, committed 6784K, reserved 1048576K
}
Event: 126.670 GC heap before
{Heap before GC invocations=14 (full 2):
 PSYoungGen      total 206336K, used 152820K [0x00000000e0000000, 0x00000000f3780000, 0x0000000100000000)
  eden space 193024K, 72% used [0x00000000e0000000,0x00000000e8842d40,0x00000000ebc80000)
  from space 13312K, 99% used [0x00000000ebc80000,0x00000000ec97a398,0x00000000ec980000)
  to   space 17920K, 0% used [0x00000000f2600000,0x00000000f2600000,0x00000000f3780000)
 ParOldGen       total 43008K, used 21985K [0x00000000a0000000, 0x00000000a2a00000, 0x00000000e0000000)
  object space 43008K, 51% used [0x00000000a0000000,0x00000000a1578518,0x00000000a2a00000)
 Metaspace       used 57231K, capacity 59092K, committed 59136K, reserved 1099776K
  class space    used 7660K, capacity 8150K, committed 8192K, reserved 1048576K
Event: 126.806 GC heap after
Heap after GC invocations=14 (full 2):
 PSYoungGen      total 297984K, used 14375K [0x00000000e0000000, 0x00000000f3780000, 0x0000000100000000)
  eden space 280064K, 0% used [0x00000000e0000000,0x00000000e0000000,0x00000000f1180000)
  from space 17920K, 80% used [0x00000000f2600000,0x00000000f3409ea0,0x00000000f3780000)
  to   space 19456K, 0% used [0x00000000f1180000,0x00000000f1180000,0x00000000f2480000)
 ParOldGen       total 43008K, used 32455K [0x00000000a0000000, 0x00000000a2a00000, 0x00000000e0000000)
  object space 43008K, 75% used [0x00000000a0000000,0x00000000a1fb1db0,0x00000000a2a00000)
 Metaspace       used 57231K, capacity 59092K, committed 59136K, reserved 1099776K
  class space    used 7660K, capacity 8150K, committed 8192K, reserved 1048576K
}
Event: 126.806 GC heap before
{Heap before GC invocations=15 (full 3):
 PSYoungGen      total 297984K, used 14375K [0x00000000e0000000, 0x00000000f3780000, 0x0000000100000000)
  eden space 280064K, 0% used [0x00000000e0000000,0x00000000e0000000,0x00000000f1180000)
  from space 17920K, 80% used [0x00000000f2600000,0x00000000f3409ea0,0x00000000f3780000)
  to   space 19456K, 0% used [0x00000000f1180000,0x00000000f1180000,0x00000000f2480000)
 ParOldGen       total 43008K, used 32455K [0x00000000a0000000, 0x00000000a2a00000, 0x00000000e0000000)
  object space 43008K, 75% used [0x00000000a0000000,0x00000000a1fb1db0,0x00000000a2a00000)
 Metaspace       used 57231K, capacity 59092K, committed 59136K, reserved 1099776K
  class space    used 7660K, capacity 8150K, committed 8192K, reserved 1048576K
Event: 128.135 GC heap after
Heap after GC invocations=15 (full 3):
 PSYoungGen      total 297984K, used 0K [0x00000000e0000000, 0x00000000f3780000, 0x0000000100000000)
  eden space 280064K, 0% used [0x00000000e0000000,0x00000000e0000000,0x00000000f1180000)
  from space 17920K, 0% used [0x00000000f2600000,0x00000000f2600000,0x00000000f3780000)
  to   space 19456K, 0% used [0x00000000f1180000,0x00000000f1180000,0x00000000f2480000)
 ParOldGen       total 43008K, used 38045K [0x00000000a0000000, 0x00000000a2a00000, 0x00000000e0000000)
  object space 43008K, 88% used [0x00000000a0000000,0x00000000a25275c0,0x00000000a2a00000)
 Metaspace       used 57196K, capacity 58966K, committed 59136K, reserved 1099776K
  class space    used 7651K, capacity 8109K, committed 8192K, reserved 1048576K
}

