# JRE version: OpenJDK Runtime Environment (8.0_212-b04) (build 1.8.0_212-release-1586-b04)
# Java VM: OpenJDK 64-Bit Server VM (25.212-b04 mixed mode windows-amd64 compressed oops)
Heap:
 PSYoungGen      total 415744K, used 134107K [0x00000000e0000000, 0x00000000fca80000, 0x0000000100000000)
  eden space 376320K, 26% used [0x00000000e0000000,0x00000000e6258ac8,0x00000000f6f80000)
  from space 39424K, 84% used [0x00000000f9a80000,0x00000000fbb1e218,0x00000000fc100000)
  to   space 44032K, 0% used [0x00000000f6f80000,0x00000000f6f80000,0x00000000f9a80000)
 ParOldGen       total 148480K, used 81640K [0x00000000a0000000, 0x00000000a9100000, 0x00000000e0000000)
  object space 148480K, 54% used [0x00000000a0000000,0x00000000a4fba330,0x00000000a9100000)
 Metaspace       used 92136K, capacity 95920K, committed 96128K, reserved 1132544K
  class space    used 11917K, capacity 12642K, committed 12672K, reserved 1048576K
GC Heap History (10 events):
Event: 374.207 GC heap before
{Heap before GC invocations=18 (full 3):
 PSYoungGen      total 324608K, used 324580K [0x00000000e0000000, 0x00000000f6600000, 0x0000000100000000)
  eden space 302080K, 100% used [0x00000000e0000000,0x00000000f2700000,0x00000000f2700000)
  from space 22528K, 99% used [0x00000000f4700000,0x00000000f5cf91c8,0x00000000f5d00000)
  to   space 32256K, 0% used [0x00000000f2700000,0x00000000f2700000,0x00000000f4680000)
 ParOldGen       total 81920K, used 54860K [0x00000000a0000000, 0x00000000a5000000, 0x00000000e0000000)
  object space 81920K, 66% used [0x00000000a0000000,0x00000000a3593350,0x00000000a5000000)
 Metaspace       used 69352K, capacity 71856K, committed 72064K, reserved 1112064K
  class space    used 9041K, capacity 9590K, committed 9600K, reserved 1048576K
Event: 374.232 GC heap after
Heap after GC invocations=18 (full 3):
 PSYoungGen      total 334336K, used 2976K [0x00000000e0000000, 0x00000000f9a80000, 0x0000000100000000)
  eden space 302080K, 0% used [0x00000000e0000000,0x00000000e0000000,0x00000000f2700000)
  from space 32256K, 9% used [0x00000000f2700000,0x00000000f29e8250,0x00000000f4680000)
  to   space 31744K, 0% used [0x00000000f7b80000,0x00000000f7b80000,0x00000000f9a80000)
 ParOldGen       total 81920K, used 56303K [0x00000000a0000000, 0x00000000a5000000, 0x00000000e0000000)
  object space 81920K, 68% used [0x00000000a0000000,0x00000000a36fbf70,0x00000000a5000000)
 Metaspace       used 69352K, capacity 71856K, committed 72064K, reserved 1112064K
  class space    used 9041K, capacity 9590K, committed 9600K, reserved 1048576K
}
Event: 398.094 GC heap before
{Heap before GC invocations=19 (full 3):
 PSYoungGen      total 334336K, used 305056K [0x00000000e0000000, 0x00000000f9a80000, 0x0000000100000000)
  eden space 302080K, 100% used [0x00000000e0000000,0x00000000f2700000,0x00000000f2700000)
  from space 32256K, 9% used [0x00000000f2700000,0x00000000f29e8250,0x00000000f4680000)
  to   space 31744K, 0% used [0x00000000f7b80000,0x00000000f7b80000,0x00000000f9a80000)
 ParOldGen       total 81920K, used 56303K [0x00000000a0000000, 0x00000000a5000000, 0x00000000e0000000)
  object space 81920K, 68% used [0x00000000a0000000,0x00000000a36fbf70,0x00000000a5000000)
 Metaspace       used 70450K, capacity 72978K, committed 73216K, reserved 1112064K
  class space    used 9154K, capacity 9719K, committed 9728K, reserved 1048576K
Event: 398.171 GC heap after
Heap after GC invocations=19 (full 3):
 PSYoungGen      total 369152K, used 11097K [0x00000000e0000000, 0x00000000f8f00000, 0x0000000100000000)
  eden space 349184K, 0% used [0x00000000e0000000,0x00000000e0000000,0x00000000f5500000)
  from space 19968K, 55% used [0x00000000f7b80000,0x00000000f8656508,0x00000000f8f00000)
  to   space 29696K, 0% used [0x00000000f5500000,0x00000000f5500000,0x00000000f7200000)
 ParOldGen       total 81920K, used 56311K [0x00000000a0000000, 0x00000000a5000000, 0x00000000e0000000)
  object space 81920K, 68% used [0x00000000a0000000,0x00000000a36fdf70,0x00000000a5000000)
 Metaspace       used 70450K, capacity 72978K, committed 73216K, reserved 1112064K
  class space    used 9154K, capacity 9719K, committed 9728K, reserved 1048576K
}
Event: 430.620 GC heap before
{Heap before GC invocations=20 (full 3):
 PSYoungGen      total 369152K, used 360281K [0x00000000e0000000, 0x00000000f8f00000, 0x0000000100000000)
  eden space 349184K, 100% used [0x00000000e0000000,0x00000000f5500000,0x00000000f5500000)
  from space 19968K, 55% used [0x00000000f7b80000,0x00000000f8656508,0x00000000f8f00000)
  to   space 29696K, 0% used [0x00000000f5500000,0x00000000f5500000,0x00000000f7200000)
 ParOldGen       total 81920K, used 56311K [0x00000000a0000000, 0x00000000a5000000, 0x00000000e0000000)
  object space 81920K, 68% used [0x00000000a0000000,0x00000000a36fdf70,0x00000000a5000000)
 Metaspace       used 81136K, capacity 83962K, committed 84224K, reserved 1122304K
  class space    used 10387K, capacity 10963K, committed 11008K, reserved 1048576K
Event: 430.761 GC heap after
Heap after GC invocations=20 (full 3):
 PSYoungGen      total 378880K, used 29665K [0x00000000e0000000, 0x00000000fc100000, 0x0000000100000000)
  eden space 349184K, 0% used [0x00000000e0000000,0x00000000e0000000,0x00000000f5500000)
  from space 29696K, 99% used [0x00000000f5500000,0x00000000f71f8518,0x00000000f7200000)
  to   space 39424K, 0% used [0x00000000f9a80000,0x00000000f9a80000,0x00000000fc100000)
 ParOldGen       total 81920K, used 69259K [0x00000000a0000000, 0x00000000a5000000, 0x00000000e0000000)
  object space 81920K, 84% used [0x00000000a0000000,0x00000000a43a2c18,0x00000000a5000000)
 Metaspace       used 81136K, capacity 83962K, committed 84224K, reserved 1122304K
  class space    used 10387K, capacity 10963K, committed 11008K, reserved 1048576K
}
Event: 430.761 GC heap before
{Heap before GC invocations=21 (full 4):
 PSYoungGen      total 378880K, used 29665K [0x00000000e0000000, 0x00000000fc100000, 0x0000000100000000)
  eden space 349184K, 0% used [0x00000000e0000000,0x00000000e0000000,0x00000000f5500000)
  from space 29696K, 99% used [0x00000000f5500000,0x00000000f71f8518,0x00000000f7200000)
  to   space 39424K, 0% used [0x00000000f9a80000,0x00000000f9a80000,0x00000000fc100000)
 ParOldGen       total 81920K, used 69259K [0x00000000a0000000, 0x00000000a5000000, 0x00000000e0000000)
  object space 81920K, 84% used [0x00000000a0000000,0x00000000a43a2c18,0x00000000a5000000)
 Metaspace       used 81136K, capacity 83962K, committed 84224K, reserved 1122304K
  class space    used 10387K, capacity 10963K, committed 11008K, reserved 1048576K
Event: 431.927 GC heap after
Heap after GC invocations=21 (full 4):
 PSYoungGen      total 378880K, used 1962K [0x00000000e0000000, 0x00000000fc100000, 0x0000000100000000)
  eden space 349184K, 0% used [0x00000000e0000000,0x00000000e0000000,0x00000000f5500000)
  from space 29696K, 6% used [0x00000000f5500000,0x00000000f56ea958,0x00000000f7200000)
  to   space 39424K, 0% used [0x00000000f9a80000,0x00000000f9a80000,0x00000000fc100000)
 ParOldGen       total 148480K, used 81632K [0x00000000a0000000, 0x00000000a9100000, 0x00000000e0000000)
  object space 148480K, 54% used [0x00000000a0000000,0x00000000a4fb8330,0x00000000a9100000)
 Metaspace       used 81122K, capacity 83926K, committed 84224K, reserved 1122304K
  class space    used 10383K, capacity 10955K, committed 11008K, reserved 1048576K
}
Event: 532.053 GC heap before
{Heap before GC invocations=22 (full 4):
 PSYoungGen      total 378880K, used 351146K [0x00000000e0000000, 0x00000000fc100000, 0x0000000100000000)
  eden space 349184K, 100% used [0x00000000e0000000,0x00000000f5500000,0x00000000f5500000)
  from space 29696K, 6% used [0x00000000f5500000,0x00000000f56ea958,0x00000000f7200000)
  to   space 39424K, 0% used [0x00000000f9a80000,0x00000000f9a80000,0x00000000fc100000)
 ParOldGen       total 148480K, used 81632K [0x00000000a0000000, 0x00000000a9100000, 0x00000000e0000000)
  object space 148480K, 54% used [0x00000000a0000000,0x00000000a4fb8330,0x00000000a9100000)
 Metaspace       used 92077K, capacity 95832K, committed 95872K, reserved 1132544K
  class space    used 11914K, capacity 12638K, committed 12672K, reserved 1048576K
Event: 532.199 GC heap after
Heap after GC invocations=22 (full 4):
 PSYoungGen      total 415744K, used 33400K [0x00000000e0000000, 0x00000000fca80000, 0x0000000100000000)
  eden space 376320K, 0% used [0x00000000e0000000,0x00000000e0000000,0x00000000f6f80000)
  from space 39424K, 84% used [0x00000000f9a80000,0x00000000fbb1e218,0x00000000fc100000)
  to   space 44032K, 0% used [0x00000000f6f80000,0x00000000f6f80000,0x00000000f9a80000)
 ParOldGen       total 148480K, used 81640K [0x00000000a0000000, 0x00000000a9100000, 0x00000000e0000000)
  object space 148480K, 54% used [0x00000000a0000000,0x00000000a4fba330,0x00000000a9100000)
 Metaspace       used 92077K, capacity 95832K, committed 95872K, reserved 1132544K
  class space    used 11914K, capacity 12638K, committed 12672K, reserved 1048576K
}

