# JRE version: OpenJDK Runtime Environment (8.0_212-b04) (build 1.8.0_212-release-1586-b04)
# Java VM: OpenJDK 64-Bit Server VM (25.212-b04 mixed mode windows-amd64 compressed oops)
Heap:
 PSYoungGen      total 103936K, used 15635K [0x00000000e0000000, 0x00000000e7400000, 0x0000000100000000)
  eden space 91648K, 17% used [0x00000000e0000000,0x00000000e0f44cf0,0x00000000e5980000)
  from space 12288K, 0% used [0x00000000e5980000,0x00000000e5980000,0x00000000e6580000)
  to   space 9728K, 0% used [0x00000000e6580000,0x00000000e6580000,0x00000000e6f00000)
 ParOldGen       total 60416K, used 28849K [0x00000000a0000000, 0x00000000a3b00000, 0x00000000e0000000)
  object space 60416K, 47% used [0x00000000a0000000,0x00000000a1c2c758,0x00000000a3b00000)
 Metaspace       used 52252K, capacity 53596K, committed 53760K, reserved 1095680K
  class space    used 6835K, capacity 7158K, committed 7168K, reserved 1048576K
GC Heap History (10 events):
Event: 51.990 GC heap before
{Heap before GC invocations=14 (full 2):
 PSYoungGen      total 88576K, used 2309K [0x00000000e0000000, 0x00000000e6000000, 0x0000000100000000)
  eden space 79872K, 0% used [0x00000000e0000000,0x00000000e0000000,0x00000000e4e00000)
  from space 8704K, 26% used [0x00000000e5780000,0x00000000e59c1468,0x00000000e6000000)
  to   space 9216K, 0% used [0x00000000e4e00000,0x00000000e4e00000,0x00000000e5700000)
 ParOldGen       total 37376K, used 17701K [0x00000000a0000000, 0x00000000a2480000, 0x00000000e0000000)
  object space 37376K, 47% used [0x00000000a0000000,0x00000000a11494a0,0x00000000a2480000)
 Metaspace       used 34509K, capacity 35396K, committed 35496K, reserved 1079296K
  class space    used 4591K, capacity 4817K, committed 4864K, reserved 1048576K
Event: 52.375 GC heap after
Heap after GC invocations=14 (full 2):
 PSYoungGen      total 88576K, used 0K [0x00000000e0000000, 0x00000000e6000000, 0x0000000100000000)
  eden space 79872K, 0% used [0x00000000e0000000,0x00000000e0000000,0x00000000e4e00000)
  from space 8704K, 0% used [0x00000000e5780000,0x00000000e5780000,0x00000000e6000000)
  to   space 9216K, 0% used [0x00000000e4e00000,0x00000000e4e00000,0x00000000e5700000)
 ParOldGen       total 60416K, used 15350K [0x00000000a0000000, 0x00000000a3b00000, 0x00000000e0000000)
  object space 60416K, 25% used [0x00000000a0000000,0x00000000a0efdb08,0x00000000a3b00000)
 Metaspace       used 34463K, capacity 35292K, committed 35496K, reserved 1079296K
  class space    used 4580K, capacity 4805K, committed 4864K, reserved 1048576K
}
Event: 58.641 GC heap before
{Heap before GC invocations=15 (full 2):
 PSYoungGen      total 88576K, used 79872K [0x00000000e0000000, 0x00000000e6000000, 0x0000000100000000)
  eden space 79872K, 100% used [0x00000000e0000000,0x00000000e4e00000,0x00000000e4e00000)
  from space 8704K, 0% used [0x00000000e5780000,0x00000000e5780000,0x00000000e6000000)
  to   space 9216K, 0% used [0x00000000e4e00000,0x00000000e4e00000,0x00000000e5700000)
 ParOldGen       total 60416K, used 15350K [0x00000000a0000000, 0x00000000a3b00000, 0x00000000e0000000)
  object space 60416K, 25% used [0x00000000a0000000,0x00000000a0efdb08,0x00000000a3b00000)
 Metaspace       used 38604K, capacity 39408K, committed 39552K, reserved 1083392K
  class space    used 5171K, capacity 5395K, committed 5504K, reserved 1048576K
Event: 58.664 GC heap after
Heap after GC invocations=15 (full 2):
 PSYoungGen      total 89088K, used 7541K [0x00000000e0000000, 0x00000000e6f00000, 0x0000000100000000)
  eden space 79872K, 0% used [0x00000000e0000000,0x00000000e0000000,0x00000000e4e00000)
  from space 9216K, 81% used [0x00000000e4e00000,0x00000000e555d5c8,0x00000000e5700000)
  to   space 9728K, 0% used [0x00000000e6580000,0x00000000e6580000,0x00000000e6f00000)
 ParOldGen       total 60416K, used 15358K [0x00000000a0000000, 0x00000000a3b00000, 0x00000000e0000000)
  object space 60416K, 25% used [0x00000000a0000000,0x00000000a0effb08,0x00000000a3b00000)
 Metaspace       used 38604K, capacity 39408K, committed 39552K, reserved 1083392K
  class space    used 5171K, capacity 5395K, committed 5504K, reserved 1048576K
}
Event: 70.854 GC heap before
{Heap before GC invocations=16 (full 2):
 PSYoungGen      total 89088K, used 87413K [0x00000000e0000000, 0x00000000e6f00000, 0x0000000100000000)
  eden space 79872K, 100% used [0x00000000e0000000,0x00000000e4e00000,0x00000000e4e00000)
  from space 9216K, 81% used [0x00000000e4e00000,0x00000000e555d5c8,0x00000000e5700000)
  to   space 9728K, 0% used [0x00000000e6580000,0x00000000e6580000,0x00000000e6f00000)
 ParOldGen       total 60416K, used 15358K [0x00000000a0000000, 0x00000000a3b00000, 0x00000000e0000000)
  object space 60416K, 25% used [0x00000000a0000000,0x00000000a0effb08,0x00000000a3b00000)
 Metaspace       used 46370K, capacity 47746K, committed 48000K, reserved 1091584K
  class space    used 6130K, capacity 6442K, committed 6528K, reserved 1048576K
Event: 70.957 GC heap after
Heap after GC invocations=16 (full 2):
 PSYoungGen      total 101376K, used 9707K [0x00000000e0000000, 0x00000000e7400000, 0x0000000100000000)
  eden space 91648K, 0% used [0x00000000e0000000,0x00000000e0000000,0x00000000e5980000)
  from space 9728K, 99% used [0x00000000e6580000,0x00000000e6efadd8,0x00000000e6f00000)
  to   space 12288K, 0% used [0x00000000e5980000,0x00000000e5980000,0x00000000e6580000)
 ParOldGen       total 60416K, used 18251K [0x00000000a0000000, 0x00000000a3b00000, 0x00000000e0000000)
  object space 60416K, 30% used [0x00000000a0000000,0x00000000a11d2e50,0x00000000a3b00000)
 Metaspace       used 46370K, capacity 47746K, committed 48000K, reserved 1091584K
  class space    used 6130K, capacity 6442K, committed 6528K, reserved 1048576K
}
Event: 75.571 GC heap before
{Heap before GC invocations=17 (full 2):
 PSYoungGen      total 101376K, used 58229K [0x00000000e0000000, 0x00000000e7400000, 0x0000000100000000)
  eden space 91648K, 52% used [0x00000000e0000000,0x00000000e2f628b0,0x00000000e5980000)
  from space 9728K, 99% used [0x00000000e6580000,0x00000000e6efadd8,0x00000000e6f00000)
  to   space 12288K, 0% used [0x00000000e5980000,0x00000000e5980000,0x00000000e6580000)
 ParOldGen       total 60416K, used 18251K [0x00000000a0000000, 0x00000000a3b00000, 0x00000000e0000000)
  object space 60416K, 30% used [0x00000000a0000000,0x00000000a11d2e50,0x00000000a3b00000)
 Metaspace       used 49979K, capacity 51338K, committed 51456K, reserved 1097728K
  class space    used 6574K, capacity 6884K, committed 6912K, reserved 1048576K
Event: 75.721 GC heap after
Heap after GC invocations=17 (full 2):
 PSYoungGen      total 103936K, used 8040K [0x00000000e0000000, 0x00000000e7400000, 0x0000000100000000)
  eden space 91648K, 0% used [0x00000000e0000000,0x00000000e0000000,0x00000000e5980000)
  from space 12288K, 65% used [0x00000000e5980000,0x00000000e615a358,0x00000000e6580000)
  to   space 9728K, 0% used [0x00000000e6580000,0x00000000e6580000,0x00000000e6f00000)
 ParOldGen       total 60416K, used 25630K [0x00000000a0000000, 0x00000000a3b00000, 0x00000000e0000000)
  object space 60416K, 42% used [0x00000000a0000000,0x00000000a1907a20,0x00000000a3b00000)
 Metaspace       used 49979K, capacity 51338K, committed 51456K, reserved 1097728K
  class space    used 6574K, capacity 6884K, committed 6912K, reserved 1048576K
}
Event: 75.721 GC heap before
{Heap before GC invocations=18 (full 3):
 PSYoungGen      total 103936K, used 8040K [0x00000000e0000000, 0x00000000e7400000, 0x0000000100000000)
  eden space 91648K, 0% used [0x00000000e0000000,0x00000000e0000000,0x00000000e5980000)
  from space 12288K, 65% used [0x00000000e5980000,0x00000000e615a358,0x00000000e6580000)
  to   space 9728K, 0% used [0x00000000e6580000,0x00000000e6580000,0x00000000e6f00000)
 ParOldGen       total 60416K, used 25630K [0x00000000a0000000, 0x00000000a3b00000, 0x00000000e0000000)
  object space 60416K, 42% used [0x00000000a0000000,0x00000000a1907a20,0x00000000a3b00000)
 Metaspace       used 49979K, capacity 51338K, committed 51456K, reserved 1097728K
  class space    used 6574K, capacity 6884K, committed 6912K, reserved 1048576K
Event: 76.331 GC heap after
Heap after GC invocations=18 (full 3):
 PSYoungGen      total 103936K, used 0K [0x00000000e0000000, 0x00000000e7400000, 0x0000000100000000)
  eden space 91648K, 0% used [0x00000000e0000000,0x00000000e0000000,0x00000000e5980000)
  from space 12288K, 0% used [0x00000000e5980000,0x00000000e5980000,0x00000000e6580000)
  to   space 9728K, 0% used [0x00000000e6580000,0x00000000e6580000,0x00000000e6f00000)
 ParOldGen       total 60416K, used 28849K [0x00000000a0000000, 0x00000000a3b00000, 0x00000000e0000000)
  object space 60416K, 47% used [0x00000000a0000000,0x00000000a1c2c758,0x00000000a3b00000)
 Metaspace       used 49953K, capacity 51250K, committed 51456K, reserved 1095680K
  class space    used 6567K, capacity 6876K, committed 6912K, reserved 1048576K
}

