# JRE version: OpenJDK Runtime Environment (8.0_212-b04) (build 1.8.0_212-release-1586-b04)
# Java VM: OpenJDK 64-Bit Server VM (25.212-b04 mixed mode windows-amd64 compressed oops)
Heap:
 PSYoungGen      total 434688K, used 412332K [0x00000000e0000000, 0x00000000fea00000, 0x0000000100000000)
  eden space 407552K, 95% used [0x00000000e0000000,0x00000000f7d85c28,0x00000000f8e00000)
  from space 27136K, 79% used [0x00000000fcf80000,0x00000000fe4a5628,0x00000000fea00000)
  to   space 47104K, 0% used [0x00000000f8e00000,0x00000000f8e00000,0x00000000fbc00000)
 ParOldGen       total 152064K, used 95752K [0x00000000a0000000, 0x00000000a9480000, 0x00000000e0000000)
  object space 152064K, 62% used [0x00000000a0000000,0x00000000a5d82018,0x00000000a9480000)
 Metaspace       used 94440K, capacity 99694K, committed 99840K, reserved 1136640K
  class space    used 12113K, capacity 13055K, committed 13056K, reserved 1048576K
GC Heap History (10 events):
Event: 331.028 GC heap before
{Heap before GC invocations=20 (full 4):
 PSYoungGen      total 350720K, used 337807K [0x00000000e0000000, 0x00000000fef80000, 0x0000000100000000)
  eden space 318976K, 100% used [0x00000000e0000000,0x00000000f3780000,0x00000000f3780000)
  from space 31744K, 59% used [0x00000000f3780000,0x00000000f49e3de8,0x00000000f5680000)
  to   space 48128K, 0% used [0x00000000fc080000,0x00000000fc080000,0x00000000fef80000)
 ParOldGen       total 152064K, used 85616K [0x00000000a0000000, 0x00000000a9480000, 0x00000000e0000000)
  object space 152064K, 56% used [0x00000000a0000000,0x00000000a539c318,0x00000000a9480000)
 Metaspace       used 90445K, capacity 94142K, committed 94208K, reserved 1130496K
  class space    used 11814K, capacity 12535K, committed 12544K, reserved 1048576K
Event: 331.167 GC heap after
Heap after GC invocations=20 (full 4):
 PSYoungGen      total 438784K, used 23751K [0x00000000e0000000, 0x00000000fe500000, 0x0000000100000000)
  eden space 401408K, 0% used [0x00000000e0000000,0x00000000e0000000,0x00000000f8800000)
  from space 37376K, 63% used [0x00000000fc080000,0x00000000fd7b1f98,0x00000000fe500000)
  to   space 47616K, 0% used [0x00000000f8800000,0x00000000f8800000,0x00000000fb680000)
 ParOldGen       total 152064K, used 95728K [0x00000000a0000000, 0x00000000a9480000, 0x00000000e0000000)
  object space 152064K, 62% used [0x00000000a0000000,0x00000000a5d7c018,0x00000000a9480000)
 Metaspace       used 90445K, capacity 94142K, committed 94208K, reserved 1130496K
  class space    used 11814K, capacity 12535K, committed 12544K, reserved 1048576K
}
Event: 660.330 GC heap before
{Heap before GC invocations=21 (full 4):
 PSYoungGen      total 438784K, used 425159K [0x00000000e0000000, 0x00000000fe500000, 0x0000000100000000)
  eden space 401408K, 100% used [0x00000000e0000000,0x00000000f8800000,0x00000000f8800000)
  from space 37376K, 63% used [0x00000000fc080000,0x00000000fd7b1f98,0x00000000fe500000)
  to   space 47616K, 0% used [0x00000000f8800000,0x00000000f8800000,0x00000000fb680000)
 ParOldGen       total 152064K, used 95728K [0x00000000a0000000, 0x00000000a9480000, 0x00000000e0000000)
  object space 152064K, 62% used [0x00000000a0000000,0x00000000a5d7c018,0x00000000a9480000)
 Metaspace       used 91688K, capacity 95774K, committed 96000K, reserved 1132544K
  class space    used 11895K, capacity 12699K, committed 12800K, reserved 1048576K
Event: 660.526 GC heap after
Heap after GC invocations=21 (full 4):
 PSYoungGen      total 449024K, used 30401K [0x00000000e0000000, 0x0000000100000000, 0x0000000100000000)
  eden space 401408K, 0% used [0x00000000e0000000,0x00000000e0000000,0x00000000f8800000)
  from space 47616K, 63% used [0x00000000f8800000,0x00000000fa5b0670,0x00000000fb680000)
  to   space 49152K, 0% used [0x00000000fd000000,0x00000000fd000000,0x0000000100000000)
 ParOldGen       total 152064K, used 95736K [0x00000000a0000000, 0x00000000a9480000, 0x00000000e0000000)
  object space 152064K, 62% used [0x00000000a0000000,0x00000000a5d7e018,0x00000000a9480000)
 Metaspace       used 91688K, capacity 95774K, committed 96000K, reserved 1132544K
  class space    used 11895K, capacity 12699K, committed 12800K, reserved 1048576K
}
Event: 2861.838 GC heap before
{Heap before GC invocations=22 (full 4):
 PSYoungGen      total 449024K, used 431809K [0x00000000e0000000, 0x0000000100000000, 0x0000000100000000)
  eden space 401408K, 100% used [0x00000000e0000000,0x00000000f8800000,0x00000000f8800000)
  from space 47616K, 63% used [0x00000000f8800000,0x00000000fa5b0670,0x00000000fb680000)
  to   space 49152K, 0% used [0x00000000fd000000,0x00000000fd000000,0x0000000100000000)
 ParOldGen       total 152064K, used 95736K [0x00000000a0000000, 0x00000000a9480000, 0x00000000e0000000)
  object space 152064K, 62% used [0x00000000a0000000,0x00000000a5d7e018,0x00000000a9480000)
 Metaspace       used 92607K, capacity 96950K, committed 97024K, reserved 1134592K
  class space    used 11936K, capacity 12773K, committed 12800K, reserved 1048576K
Event: 2862.078 GC heap after
Heap after GC invocations=22 (full 4):
 PSYoungGen      total 475648K, used 25194K [0x00000000e0000000, 0x0000000100000000, 0x0000000100000000)
  eden space 426496K, 0% used [0x00000000e0000000,0x00000000e0000000,0x00000000fa080000)
  from space 49152K, 51% used [0x00000000fd000000,0x00000000fe89aa10,0x0000000100000000)
  to   space 48640K, 0% used [0x00000000fa080000,0x00000000fa080000,0x00000000fd000000)
 ParOldGen       total 152064K, used 95744K [0x00000000a0000000, 0x00000000a9480000, 0x00000000e0000000)
  object space 152064K, 62% used [0x00000000a0000000,0x00000000a5d80018,0x00000000a9480000)
 Metaspace       used 92607K, capacity 96950K, committed 97024K, reserved 1134592K
  class space    used 11936K, capacity 12773K, committed 12800K, reserved 1048576K
}
Event: 3048.585 GC heap before
{Heap before GC invocations=23 (full 4):
 PSYoungGen      total 475648K, used 451690K [0x00000000e0000000, 0x0000000100000000, 0x0000000100000000)
  eden space 426496K, 100% used [0x00000000e0000000,0x00000000fa080000,0x00000000fa080000)
  from space 49152K, 51% used [0x00000000fd000000,0x00000000fe89aa10,0x0000000100000000)
  to   space 48640K, 0% used [0x00000000fa080000,0x00000000fa080000,0x00000000fd000000)
 ParOldGen       total 152064K, used 95744K [0x00000000a0000000, 0x00000000a9480000, 0x00000000e0000000)
  object space 152064K, 62% used [0x00000000a0000000,0x00000000a5d80018,0x00000000a9480000)
 Metaspace       used 93476K, capacity 98434K, committed 98560K, reserved 1134592K
  class space    used 12044K, capacity 12933K, committed 13056K, reserved 1048576K
Event: 3048.749 GC heap after
Heap after GC invocations=23 (full 4):
 PSYoungGen      total 456704K, used 30197K [0x00000000e0000000, 0x0000000100000000, 0x0000000100000000)
  eden space 426496K, 0% used [0x00000000e0000000,0x00000000e0000000,0x00000000fa080000)
  from space 30208K, 99% used [0x00000000fa080000,0x00000000fbdfd768,0x00000000fbe00000)
  to   space 49664K, 0% used [0x00000000fcf80000,0x00000000fcf80000,0x0000000100000000)
 ParOldGen       total 152064K, used 95744K [0x00000000a0000000, 0x00000000a9480000, 0x00000000e0000000)
  object space 152064K, 62% used [0x00000000a0000000,0x00000000a5d80018,0x00000000a9480000)
 Metaspace       used 93476K, capacity 98434K, committed 98560K, reserved 1134592K
  class space    used 12044K, capacity 12933K, committed 13056K, reserved 1048576K
}
Event: 3368.467 GC heap before
{Heap before GC invocations=24 (full 4):
 PSYoungGen      total 456704K, used 456693K [0x00000000e0000000, 0x0000000100000000, 0x0000000100000000)
  eden space 426496K, 100% used [0x00000000e0000000,0x00000000fa080000,0x00000000fa080000)
  from space 30208K, 99% used [0x00000000fa080000,0x00000000fbdfd768,0x00000000fbe00000)
  to   space 49664K, 0% used [0x00000000fcf80000,0x00000000fcf80000,0x0000000100000000)
 ParOldGen       total 152064K, used 95744K [0x00000000a0000000, 0x00000000a9480000, 0x00000000e0000000)
  object space 152064K, 62% used [0x00000000a0000000,0x00000000a5d80018,0x00000000a9480000)
 Metaspace       used 94157K, capacity 99366K, committed 99584K, reserved 1136640K
  class space    used 12106K, capacity 13043K, committed 13056K, reserved 1048576K
Event: 3368.688 GC heap after
Heap after GC invocations=24 (full 4):
 PSYoungGen      total 434688K, used 21653K [0x00000000e0000000, 0x00000000fea00000, 0x0000000100000000)
  eden space 407552K, 0% used [0x00000000e0000000,0x00000000e0000000,0x00000000f8e00000)
  from space 27136K, 79% used [0x00000000fcf80000,0x00000000fe4a5628,0x00000000fea00000)
  to   space 47104K, 0% used [0x00000000f8e00000,0x00000000f8e00000,0x00000000fbc00000)
 ParOldGen       total 152064K, used 95752K [0x00000000a0000000, 0x00000000a9480000, 0x00000000e0000000)
  object space 152064K, 62% used [0x00000000a0000000,0x00000000a5d82018,0x00000000a9480000)
 Metaspace       used 94157K, capacity 99366K, committed 99584K, reserved 1136640K
  class space    used 12106K, capacity 13043K, committed 13056K, reserved 1048576K
}

