# JRE version: OpenJDK Runtime Environment (8.0_212-b04) (build 1.8.0_212-release-1586-b04)
# Java VM: OpenJDK 64-Bit Server VM (25.212-b04 mixed mode windows-amd64 compressed oops)
Heap:
 PSYoungGen      total 481280K, used 94763K [0x00000000e0000000, 0x00000000ff380000, 0x0000000100000000)
  eden space 464384K, 17% used [0x00000000e0000000,0x00000000e511a6d0,0x00000000fc580000)
  from space 16896K, 69% used [0x00000000fe300000,0x00000000fee70868,0x00000000ff380000)
  to   space 23552K, 0% used [0x00000000fc580000,0x00000000fc580000,0x00000000fdc80000)
 ParOldGen       total 107520K, used 75424K [0x00000000a0000000, 0x00000000a6900000, 0x00000000e0000000)
  object space 107520K, 70% used [0x00000000a0000000,0x00000000a49a83e8,0x00000000a6900000)
 Metaspace       used 91718K, capacity 96724K, committed 97024K, reserved 1134592K
  class space    used 11807K, capacity 12690K, committed 12800K, reserved 1048576K
GC Heap History (10 events):
Event: 17460.200 GC heap before
{Heap before GC invocations=42 (full 4):
 PSYoungGen      total 323072K, used 305084K [0x00000000e0000000, 0x00000000f8b00000, 0x0000000100000000)
  eden space 295936K, 100% used [0x00000000e0000000,0x00000000f2100000,0x00000000f2100000)
  from space 27136K, 33% used [0x00000000f2100000,0x00000000f29ef0a8,0x00000000f3b80000)
  to   space 26112K, 0% used [0x00000000f7180000,0x00000000f7180000,0x00000000f8b00000)
 ParOldGen       total 107520K, used 64585K [0x00000000a0000000, 0x00000000a6900000, 0x00000000e0000000)
  object space 107520K, 60% used [0x00000000a0000000,0x00000000a3f127d0,0x00000000a6900000)
 Metaspace       used 90981K, capacity 95406K, committed 95488K, reserved 1132544K
  class space    used 11705K, capacity 12497K, committed 12544K, reserved 1048576K
Event: 17460.241 GC heap after
Heap after GC invocations=42 (full 4):
 PSYoungGen      total 371200K, used 5983K [0x00000000e0000000, 0x00000000f8700000, 0x0000000100000000)
  eden space 349184K, 0% used [0x00000000e0000000,0x00000000e0000000,0x00000000f5500000)
  from space 22016K, 27% used [0x00000000f7180000,0x00000000f7757e50,0x00000000f8700000)
  to   space 25600K, 0% used [0x00000000f5500000,0x00000000f5500000,0x00000000f6e00000)
 ParOldGen       total 107520K, used 64673K [0x00000000a0000000, 0x00000000a6900000, 0x00000000e0000000)
  object space 107520K, 60% used [0x00000000a0000000,0x00000000a3f287d0,0x00000000a6900000)
 Metaspace       used 90981K, capacity 95406K, committed 95488K, reserved 1132544K
  class space    used 11705K, capacity 12497K, committed 12544K, reserved 1048576K
}
Event: 17465.558 GC heap before
{Heap before GC invocations=43 (full 4):
 PSYoungGen      total 371200K, used 355167K [0x00000000e0000000, 0x00000000f8700000, 0x0000000100000000)
  eden space 349184K, 100% used [0x00000000e0000000,0x00000000f5500000,0x00000000f5500000)
  from space 22016K, 27% used [0x00000000f7180000,0x00000000f7757e50,0x00000000f8700000)
  to   space 25600K, 0% used [0x00000000f5500000,0x00000000f5500000,0x00000000f6e00000)
 ParOldGen       total 107520K, used 64673K [0x00000000a0000000, 0x00000000a6900000, 0x00000000e0000000)
  object space 107520K, 60% used [0x00000000a0000000,0x00000000a3f287d0,0x00000000a6900000)
 Metaspace       used 90988K, capacity 95406K, committed 95488K, reserved 1132544K
  class space    used 11706K, capacity 12497K, committed 12544K, reserved 1048576K
Event: 17465.635 GC heap after
Heap after GC invocations=43 (full 4):
 PSYoungGen      total 374784K, used 5080K [0x00000000e0000000, 0x00000000fc300000, 0x0000000100000000)
  eden space 349184K, 0% used [0x00000000e0000000,0x00000000e0000000,0x00000000f5500000)
  from space 25600K, 19% used [0x00000000f5500000,0x00000000f59f61d8,0x00000000f6e00000)
  to   space 25600K, 0% used [0x00000000faa00000,0x00000000faa00000,0x00000000fc300000)
 ParOldGen       total 107520K, used 64781K [0x00000000a0000000, 0x00000000a6900000, 0x00000000e0000000)
  object space 107520K, 60% used [0x00000000a0000000,0x00000000a3f43588,0x00000000a6900000)
 Metaspace       used 90988K, capacity 95406K, committed 95488K, reserved 1132544K
  class space    used 11706K, capacity 12497K, committed 12544K, reserved 1048576K
}
Event: 17470.893 GC heap before
{Heap before GC invocations=44 (full 4):
 PSYoungGen      total 374784K, used 354264K [0x00000000e0000000, 0x00000000fc300000, 0x0000000100000000)
  eden space 349184K, 100% used [0x00000000e0000000,0x00000000f5500000,0x00000000f5500000)
  from space 25600K, 19% used [0x00000000f5500000,0x00000000f59f61d8,0x00000000f6e00000)
  to   space 25600K, 0% used [0x00000000faa00000,0x00000000faa00000,0x00000000fc300000)
 ParOldGen       total 107520K, used 64781K [0x00000000a0000000, 0x00000000a6900000, 0x00000000e0000000)
  object space 107520K, 60% used [0x00000000a0000000,0x00000000a3f43588,0x00000000a6900000)
 Metaspace       used 90995K, capacity 95408K, committed 95488K, reserved 1132544K
  class space    used 11707K, capacity 12498K, committed 12544K, reserved 1048576K
Event: 17470.974 GC heap after
Heap after GC invocations=44 (full 4):
 PSYoungGen      total 432128K, used 11657K [0x00000000e0000000, 0x00000000fbf80000, 0x0000000100000000)
  eden space 410112K, 0% used [0x00000000e0000000,0x00000000e0000000,0x00000000f9080000)
  from space 22016K, 52% used [0x00000000faa00000,0x00000000fb5626d8,0x00000000fbf80000)
  to   space 24064K, 0% used [0x00000000f9080000,0x00000000f9080000,0x00000000fa800000)
 ParOldGen       total 107520K, used 67344K [0x00000000a0000000, 0x00000000a6900000, 0x00000000e0000000)
  object space 107520K, 62% used [0x00000000a0000000,0x00000000a41c4060,0x00000000a6900000)
 Metaspace       used 90995K, capacity 95408K, committed 95488K, reserved 1132544K
  class space    used 11707K, capacity 12498K, committed 12544K, reserved 1048576K
}
Event: 17479.035 GC heap before
{Heap before GC invocations=45 (full 4):
 PSYoungGen      total 432128K, used 421769K [0x00000000e0000000, 0x00000000fbf80000, 0x0000000100000000)
  eden space 410112K, 100% used [0x00000000e0000000,0x00000000f9080000,0x00000000f9080000)
  from space 22016K, 52% used [0x00000000faa00000,0x00000000fb5626d8,0x00000000fbf80000)
  to   space 24064K, 0% used [0x00000000f9080000,0x00000000f9080000,0x00000000fa800000)
 ParOldGen       total 107520K, used 67344K [0x00000000a0000000, 0x00000000a6900000, 0x00000000e0000000)
  object space 107520K, 62% used [0x00000000a0000000,0x00000000a41c4060,0x00000000a6900000)
 Metaspace       used 91034K, capacity 95438K, committed 95488K, reserved 1132544K
  class space    used 11711K, capacity 12503K, committed 12544K, reserved 1048576K
Event: 17479.107 GC heap after
Heap after GC invocations=45 (full 4):
 PSYoungGen      total 434176K, used 2967K [0x00000000e0000000, 0x00000000ffa80000, 0x0000000100000000)
  eden space 410112K, 0% used [0x00000000e0000000,0x00000000e0000000,0x00000000f9080000)
  from space 24064K, 12% used [0x00000000f9080000,0x00000000f9365d70,0x00000000fa800000)
  to   space 24064K, 0% used [0x00000000fe300000,0x00000000fe300000,0x00000000ffa80000)
 ParOldGen       total 107520K, used 74449K [0x00000000a0000000, 0x00000000a6900000, 0x00000000e0000000)
  object space 107520K, 69% used [0x00000000a0000000,0x00000000a48b46a0,0x00000000a6900000)
 Metaspace       used 91034K, capacity 95438K, committed 95488K, reserved 1132544K
  class space    used 11711K, capacity 12503K, committed 12544K, reserved 1048576K
}
Event: 17801.784 GC heap before
{Heap before GC invocations=46 (full 4):
 PSYoungGen      total 434176K, used 413079K [0x00000000e0000000, 0x00000000ffa80000, 0x0000000100000000)
  eden space 410112K, 100% used [0x00000000e0000000,0x00000000f9080000,0x00000000f9080000)
  from space 24064K, 12% used [0x00000000f9080000,0x00000000f9365d70,0x00000000fa800000)
  to   space 24064K, 0% used [0x00000000fe300000,0x00000000fe300000,0x00000000ffa80000)
 ParOldGen       total 107520K, used 74449K [0x00000000a0000000, 0x00000000a6900000, 0x00000000e0000000)
  object space 107520K, 69% used [0x00000000a0000000,0x00000000a48b46a0,0x00000000a6900000)
 Metaspace       used 91571K, capacity 96372K, committed 96640K, reserved 1132544K
  class space    used 11781K, capacity 12642K, committed 12672K, reserved 1048576K
Event: 17801.842 GC heap after
Heap after GC invocations=46 (full 4):
 PSYoungGen      total 481280K, used 11714K [0x00000000e0000000, 0x00000000ff380000, 0x0000000100000000)
  eden space 464384K, 0% used [0x00000000e0000000,0x00000000e0000000,0x00000000fc580000)
  from space 16896K, 69% used [0x00000000fe300000,0x00000000fee70868,0x00000000ff380000)
  to   space 23552K, 0% used [0x00000000fc580000,0x00000000fc580000,0x00000000fdc80000)
 ParOldGen       total 107520K, used 75424K [0x00000000a0000000, 0x00000000a6900000, 0x00000000e0000000)
  object space 107520K, 70% used [0x00000000a0000000,0x00000000a49a83e8,0x00000000a6900000)
 Metaspace       used 91571K, capacity 96372K, committed 96640K, reserved 1132544K
  class space    used 11781K, capacity 12642K, committed 12672K, reserved 1048576K
}

