# JRE version: OpenJDK Runtime Environment (8.0_212-b04) (build 1.8.0_212-release-1586-b04)
# Java VM: OpenJDK 64-Bit Server VM (25.212-b04 mixed mode windows-amd64 compressed oops)
Heap:
 PSYoungGen      total 194048K, used 41588K [0x00000000e0000000, 0x00000000ece80000, 0x0000000100000000)
  eden space 180224K, 15% used [0x00000000e0000000,0x00000000e1b23c90,0x00000000eb000000)
  from space 13824K, 99% used [0x00000000eb380000,0x00000000ec0f93a0,0x00000000ec100000)
  to   space 10240K, 0% used [0x00000000ec480000,0x00000000ec480000,0x00000000ece80000)
 ParOldGen       total 62976K, used 25072K [0x00000000a0000000, 0x00000000a3d80000, 0x00000000e0000000)
  object space 62976K, 39% used [0x00000000a0000000,0x00000000a187c220,0x00000000a3d80000)
 Metaspace       used 51878K, capacity 53592K, committed 53888K, reserved 1095680K
  class space    used 7063K, capacity 7502K, committed 7552K, reserved 1048576K
GC Heap History (10 events):
Event: 11.212 GC heap before
{Heap before GC invocations=7 (full 1):
 PSYoungGen      total 140288K, used 6808K [0x00000000e0000000, 0x00000000e9400000, 0x0000000100000000)
  eden space 130560K, 0% used [0x00000000e0000000,0x00000000e0000000,0x00000000e7f80000)
  from space 9728K, 69% used [0x00000000e8980000,0x00000000e9026090,0x00000000e9300000)
  to   space 10240K, 0% used [0x00000000e7f80000,0x00000000e7f80000,0x00000000e8980000)
 ParOldGen       total 44032K, used 11756K [0x00000000a0000000, 0x00000000a2b00000, 0x00000000e0000000)
  object space 44032K, 26% used [0x00000000a0000000,0x00000000a0b7b360,0x00000000a2b00000)
 Metaspace       used 20691K, capacity 21214K, committed 21296K, reserved 1067008K
  class space    used 2983K, capacity 3165K, committed 3200K, reserved 1048576K
Event: 11.395 GC heap after
Heap after GC invocations=7 (full 1):
 PSYoungGen      total 140288K, used 0K [0x00000000e0000000, 0x00000000e9400000, 0x0000000100000000)
  eden space 130560K, 0% used [0x00000000e0000000,0x00000000e0000000,0x00000000e7f80000)
  from space 9728K, 0% used [0x00000000e8980000,0x00000000e8980000,0x00000000e9300000)
  to   space 10240K, 0% used [0x00000000e7f80000,0x00000000e7f80000,0x00000000e8980000)
 ParOldGen       total 49152K, used 16635K [0x00000000a0000000, 0x00000000a3000000, 0x00000000e0000000)
  object space 49152K, 33% used [0x00000000a0000000,0x00000000a103ecf0,0x00000000a3000000)
 Metaspace       used 20691K, capacity 21214K, committed 21296K, reserved 1067008K
  class space    used 2983K, capacity 3165K, committed 3200K, reserved 1048576K
}
Event: 17.323 GC heap before
{Heap before GC invocations=8 (full 1):
 PSYoungGen      total 140288K, used 130560K [0x00000000e0000000, 0x00000000e9400000, 0x0000000100000000)
  eden space 130560K, 100% used [0x00000000e0000000,0x00000000e7f80000,0x00000000e7f80000)
  from space 9728K, 0% used [0x00000000e8980000,0x00000000e8980000,0x00000000e9300000)
  to   space 10240K, 0% used [0x00000000e7f80000,0x00000000e7f80000,0x00000000e8980000)
 ParOldGen       total 49152K, used 16635K [0x00000000a0000000, 0x00000000a3000000, 0x00000000e0000000)
  object space 49152K, 33% used [0x00000000a0000000,0x00000000a103ecf0,0x00000000a3000000)
 Metaspace       used 32181K, capacity 32760K, committed 33024K, reserved 1077248K
  class space    used 4406K, capacity 4595K, committed 4608K, reserved 1048576K
Event: 17.391 GC heap after
Heap after GC invocations=8 (full 1):
 PSYoungGen      total 140800K, used 10237K [0x00000000e0000000, 0x00000000ed180000, 0x0000000100000000)
  eden space 130560K, 0% used [0x00000000e0000000,0x00000000e0000000,0x00000000e7f80000)
  from space 10240K, 99% used [0x00000000e7f80000,0x00000000e897f5c8,0x00000000e8980000)
  to   space 13312K, 0% used [0x00000000ec480000,0x00000000ec480000,0x00000000ed180000)
 ParOldGen       total 49152K, used 19273K [0x00000000a0000000, 0x00000000a3000000, 0x00000000e0000000)
  object space 49152K, 39% used [0x00000000a0000000,0x00000000a12d24c0,0x00000000a3000000)
 Metaspace       used 32181K, capacity 32760K, committed 33024K, reserved 1077248K
  class space    used 4406K, capacity 4595K, committed 4608K, reserved 1048576K
}
Event: 42.287 GC heap before
{Heap before GC invocations=9 (full 1):
 PSYoungGen      total 140800K, used 66296K [0x00000000e0000000, 0x00000000ed180000, 0x0000000100000000)
  eden space 130560K, 42% used [0x00000000e0000000,0x00000000e36bed80,0x00000000e7f80000)
  from space 10240K, 99% used [0x00000000e7f80000,0x00000000e897f5c8,0x00000000e8980000)
  to   space 13312K, 0% used [0x00000000ec480000,0x00000000ec480000,0x00000000ed180000)
 ParOldGen       total 49152K, used 19273K [0x00000000a0000000, 0x00000000a3000000, 0x00000000e0000000)
  object space 49152K, 39% used [0x00000000a0000000,0x00000000a12d24c0,0x00000000a3000000)
 Metaspace       used 34692K, capacity 35432K, committed 35496K, reserved 1079296K
  class space    used 4740K, capacity 4961K, committed 4992K, reserved 1048576K
Event: 42.340 GC heap after
Heap after GC invocations=9 (full 1):
 PSYoungGen      total 190464K, used 9915K [0x00000000e0000000, 0x00000000ece80000, 0x0000000100000000)
  eden space 180224K, 0% used [0x00000000e0000000,0x00000000e0000000,0x00000000eb000000)
  from space 10240K, 96% used [0x00000000ec480000,0x00000000ece2eca8,0x00000000ece80000)
  to   space 13824K, 0% used [0x00000000eb380000,0x00000000eb380000,0x00000000ec100000)
 ParOldGen       total 49152K, used 19281K [0x00000000a0000000, 0x00000000a3000000, 0x00000000e0000000)
  object space 49152K, 39% used [0x00000000a0000000,0x00000000a12d44c0,0x00000000a3000000)
 Metaspace       used 34692K, capacity 35432K, committed 35496K, reserved 1079296K
  class space    used 4740K, capacity 4961K, committed 4992K, reserved 1048576K
}
Event: 42.340 GC heap before
{Heap before GC invocations=10 (full 2):
 PSYoungGen      total 190464K, used 9915K [0x00000000e0000000, 0x00000000ece80000, 0x0000000100000000)
  eden space 180224K, 0% used [0x00000000e0000000,0x00000000e0000000,0x00000000eb000000)
  from space 10240K, 96% used [0x00000000ec480000,0x00000000ece2eca8,0x00000000ece80000)
  to   space 13824K, 0% used [0x00000000eb380000,0x00000000eb380000,0x00000000ec100000)
 ParOldGen       total 49152K, used 19281K [0x00000000a0000000, 0x00000000a3000000, 0x00000000e0000000)
  object space 49152K, 39% used [0x00000000a0000000,0x00000000a12d44c0,0x00000000a3000000)
 Metaspace       used 34692K, capacity 35432K, committed 35496K, reserved 1079296K
  class space    used 4740K, capacity 4961K, committed 4992K, reserved 1048576K
Event: 42.577 GC heap after
Heap after GC invocations=10 (full 2):
 PSYoungGen      total 190464K, used 0K [0x00000000e0000000, 0x00000000ece80000, 0x0000000100000000)
  eden space 180224K, 0% used [0x00000000e0000000,0x00000000e0000000,0x00000000eb000000)
  from space 10240K, 0% used [0x00000000ec480000,0x00000000ec480000,0x00000000ece80000)
  to   space 13824K, 0% used [0x00000000eb380000,0x00000000eb380000,0x00000000ec100000)
 ParOldGen       total 62976K, used 16827K [0x00000000a0000000, 0x00000000a3d80000, 0x00000000e0000000)
  object space 62976K, 26% used [0x00000000a0000000,0x00000000a106edb8,0x00000000a3d80000)
 Metaspace       used 34692K, capacity 35432K, committed 35496K, reserved 1079296K
  class space    used 4740K, capacity 4961K, committed 4992K, reserved 1048576K
}
Event: 57.314 GC heap before
{Heap before GC invocations=11 (full 2):
 PSYoungGen      total 190464K, used 180224K [0x00000000e0000000, 0x00000000ece80000, 0x0000000100000000)
  eden space 180224K, 100% used [0x00000000e0000000,0x00000000eb000000,0x00000000eb000000)
  from space 10240K, 0% used [0x00000000ec480000,0x00000000ec480000,0x00000000ece80000)
  to   space 13824K, 0% used [0x00000000eb380000,0x00000000eb380000,0x00000000ec100000)
 ParOldGen       total 62976K, used 16827K [0x00000000a0000000, 0x00000000a3d80000, 0x00000000e0000000)
  object space 62976K, 26% used [0x00000000a0000000,0x00000000a106edb8,0x00000000a3d80000)
 Metaspace       used 51344K, capacity 53000K, committed 53248K, reserved 1095680K
  class space    used 6979K, capacity 7377K, committed 7424K, reserved 1048576K
Event: 57.428 GC heap after
Heap after GC invocations=11 (full 2):
 PSYoungGen      total 194048K, used 13796K [0x00000000e0000000, 0x00000000ece80000, 0x0000000100000000)
  eden space 180224K, 0% used [0x00000000e0000000,0x00000000e0000000,0x00000000eb000000)
  from space 13824K, 99% used [0x00000000eb380000,0x00000000ec0f93a0,0x00000000ec100000)
  to   space 10240K, 0% used [0x00000000ec480000,0x00000000ec480000,0x00000000ece80000)
 ParOldGen       total 62976K, used 25072K [0x00000000a0000000, 0x00000000a3d80000, 0x00000000e0000000)
  object space 62976K, 39% used [0x00000000a0000000,0x00000000a187c220,0x00000000a3d80000)
 Metaspace       used 51344K, capacity 53000K, committed 53248K, reserved 1095680K
  class space    used 6979K, capacity 7377K, committed 7424K, reserved 1048576K
}

