# JRE version: OpenJDK Runtime Environment (8.0_212-b04) (build 1.8.0_212-release-1586-b04)
# Java VM: OpenJDK 64-Bit Server VM (25.212-b04 mixed mode windows-amd64 compressed oops)
Heap:
 PSYoungGen      total 93696K, used 14134K [0x00000000e0000000, 0x00000000e6700000, 0x0000000100000000)
  eden space 86016K, 7% used [0x00000000e0000000,0x00000000e0653918,0x00000000e5400000)
  from space 7680K, 99% used [0x00000000e5800000,0x00000000e5f79fd8,0x00000000e5f80000)
  to   space 7168K, 0% used [0x00000000e6000000,0x00000000e6000000,0x00000000e6700000)
 ParOldGen       total 35328K, used 22029K [0x00000000a0000000, 0x00000000a2280000, 0x00000000e0000000)
  object space 35328K, 62% used [0x00000000a0000000,0x00000000a15837e8,0x00000000a2280000)
 Metaspace       used 46572K, capacity 47902K, committed 48000K, reserved 1091584K
  class space    used 6153K, capacity 6478K, committed 6528K, reserved 1048576K
GC Heap History (10 events):
Event: 28.196 GC heap before
{Heap before GC invocations=13 (full 1):
 PSYoungGen      total 58880K, used 58861K [0x00000000e0000000, 0x00000000e5280000, 0x0000000100000000)
  eden space 52736K, 100% used [0x00000000e0000000,0x00000000e3380000,0x00000000e3380000)
  from space 6144K, 99% used [0x00000000e3380000,0x00000000e397b5d0,0x00000000e3980000)
  to   space 7168K, 0% used [0x00000000e4b80000,0x00000000e4b80000,0x00000000e5280000)
 ParOldGen       total 35328K, used 10458K [0x00000000a0000000, 0x00000000a2280000, 0x00000000e0000000)
  object space 35328K, 29% used [0x00000000a0000000,0x00000000a0a36b48,0x00000000a2280000)
 Metaspace       used 31131K, capacity 31820K, committed 32000K, reserved 1077248K
  class space    used 4295K, capacity 4493K, committed 4608K, reserved 1048576K
Event: 28.219 GC heap after
Heap after GC invocations=13 (full 1):
 PSYoungGen      total 76288K, used 4949K [0x00000000e0000000, 0x00000000e5200000, 0x0000000100000000)
  eden space 69632K, 0% used [0x00000000e0000000,0x00000000e0000000,0x00000000e4400000)
  from space 6656K, 74% used [0x00000000e4b80000,0x00000000e50557a8,0x00000000e5200000)
  to   space 7168K, 0% used [0x00000000e4400000,0x00000000e4400000,0x00000000e4b00000)
 ParOldGen       total 35328K, used 13567K [0x00000000a0000000, 0x00000000a2280000, 0x00000000e0000000)
  object space 35328K, 38% used [0x00000000a0000000,0x00000000a0d3ffc0,0x00000000a2280000)
 Metaspace       used 31131K, capacity 31820K, committed 32000K, reserved 1077248K
  class space    used 4295K, capacity 4493K, committed 4608K, reserved 1048576K
}
Event: 35.269 GC heap before
{Heap before GC invocations=14 (full 1):
 PSYoungGen      total 76288K, used 43803K [0x00000000e0000000, 0x00000000e5200000, 0x0000000100000000)
  eden space 69632K, 55% used [0x00000000e0000000,0x00000000e25f1740,0x00000000e4400000)
  from space 6656K, 74% used [0x00000000e4b80000,0x00000000e50557a8,0x00000000e5200000)
  to   space 7168K, 0% used [0x00000000e4400000,0x00000000e4400000,0x00000000e4b00000)
 ParOldGen       total 35328K, used 13567K [0x00000000a0000000, 0x00000000a2280000, 0x00000000e0000000)
  object space 35328K, 38% used [0x00000000a0000000,0x00000000a0d3ffc0,0x00000000a2280000)
 Metaspace       used 34565K, capacity 35444K, committed 35496K, reserved 1079296K
  class space    used 4586K, capacity 4817K, committed 4864K, reserved 1048576K
Event: 35.317 GC heap after
Heap after GC invocations=14 (full 1):
 PSYoungGen      total 76800K, used 4963K [0x00000000e0000000, 0x00000000e6700000, 0x0000000100000000)
  eden space 69632K, 0% used [0x00000000e0000000,0x00000000e0000000,0x00000000e4400000)
  from space 7168K, 69% used [0x00000000e4400000,0x00000000e48d8e78,0x00000000e4b00000)
  to   space 7168K, 0% used [0x00000000e6000000,0x00000000e6000000,0x00000000e6700000)
 ParOldGen       total 35328K, used 15203K [0x00000000a0000000, 0x00000000a2280000, 0x00000000e0000000)
  object space 35328K, 43% used [0x00000000a0000000,0x00000000a0ed8de0,0x00000000a2280000)
 Metaspace       used 34565K, capacity 35444K, committed 35496K, reserved 1079296K
  class space    used 4586K, capacity 4817K, committed 4864K, reserved 1048576K
}
Event: 35.317 GC heap before
{Heap before GC invocations=15 (full 2):
 PSYoungGen      total 76800K, used 4963K [0x00000000e0000000, 0x00000000e6700000, 0x0000000100000000)
  eden space 69632K, 0% used [0x00000000e0000000,0x00000000e0000000,0x00000000e4400000)
  from space 7168K, 69% used [0x00000000e4400000,0x00000000e48d8e78,0x00000000e4b00000)
  to   space 7168K, 0% used [0x00000000e6000000,0x00000000e6000000,0x00000000e6700000)
 ParOldGen       total 35328K, used 15203K [0x00000000a0000000, 0x00000000a2280000, 0x00000000e0000000)
  object space 35328K, 43% used [0x00000000a0000000,0x00000000a0ed8de0,0x00000000a2280000)
 Metaspace       used 34565K, capacity 35444K, committed 35496K, reserved 1079296K
  class space    used 4586K, capacity 4817K, committed 4864K, reserved 1048576K
Event: 35.556 GC heap after
Heap after GC invocations=15 (full 2):
 PSYoungGen      total 76800K, used 0K [0x00000000e0000000, 0x00000000e6700000, 0x0000000100000000)
  eden space 69632K, 0% used [0x00000000e0000000,0x00000000e0000000,0x00000000e4400000)
  from space 7168K, 0% used [0x00000000e4400000,0x00000000e4400000,0x00000000e4b00000)
  to   space 7168K, 0% used [0x00000000e6000000,0x00000000e6000000,0x00000000e6700000)
 ParOldGen       total 35328K, used 16645K [0x00000000a0000000, 0x00000000a2280000, 0x00000000e0000000)
  object space 35328K, 47% used [0x00000000a0000000,0x00000000a1041488,0x00000000a2280000)
 Metaspace       used 34519K, capacity 35340K, committed 35496K, reserved 1079296K
  class space    used 4575K, capacity 4805K, committed 4864K, reserved 1048576K
}
Event: 38.794 GC heap before
{Heap before GC invocations=16 (full 2):
 PSYoungGen      total 76800K, used 69632K [0x00000000e0000000, 0x00000000e6700000, 0x0000000100000000)
  eden space 69632K, 100% used [0x00000000e0000000,0x00000000e4400000,0x00000000e4400000)
  from space 7168K, 0% used [0x00000000e4400000,0x00000000e4400000,0x00000000e4b00000)
  to   space 7168K, 0% used [0x00000000e6000000,0x00000000e6000000,0x00000000e6700000)
 ParOldGen       total 35328K, used 16645K [0x00000000a0000000, 0x00000000a2280000, 0x00000000e0000000)
  object space 35328K, 47% used [0x00000000a0000000,0x00000000a1041488,0x00000000a2280000)
 Metaspace       used 37997K, capacity 38830K, committed 38912K, reserved 1083392K
  class space    used 5087K, capacity 5322K, committed 5376K, reserved 1048576K
Event: 38.819 GC heap after
Heap after GC invocations=16 (full 2):
 PSYoungGen      total 93184K, used 6697K [0x00000000e0000000, 0x00000000e6700000, 0x0000000100000000)
  eden space 86016K, 0% used [0x00000000e0000000,0x00000000e0000000,0x00000000e5400000)
  from space 7168K, 93% used [0x00000000e6000000,0x00000000e668a570,0x00000000e6700000)
  to   space 7680K, 0% used [0x00000000e5800000,0x00000000e5800000,0x00000000e5f80000)
 ParOldGen       total 35328K, used 16653K [0x00000000a0000000, 0x00000000a2280000, 0x00000000e0000000)
  object space 35328K, 47% used [0x00000000a0000000,0x00000000a1043488,0x00000000a2280000)
 Metaspace       used 37997K, capacity 38830K, committed 38912K, reserved 1083392K
  class space    used 5087K, capacity 5322K, committed 5376K, reserved 1048576K
}
Event: 52.130 GC heap before
{Heap before GC invocations=17 (full 2):
 PSYoungGen      total 93184K, used 92713K [0x00000000e0000000, 0x00000000e6700000, 0x0000000100000000)
  eden space 86016K, 100% used [0x00000000e0000000,0x00000000e5400000,0x00000000e5400000)
  from space 7168K, 93% used [0x00000000e6000000,0x00000000e668a570,0x00000000e6700000)
  to   space 7680K, 0% used [0x00000000e5800000,0x00000000e5800000,0x00000000e5f80000)
 ParOldGen       total 35328K, used 16653K [0x00000000a0000000, 0x00000000a2280000, 0x00000000e0000000)
  object space 35328K, 47% used [0x00000000a0000000,0x00000000a1043488,0x00000000a2280000)
 Metaspace       used 46215K, capacity 47472K, committed 47616K, reserved 1091584K
  class space    used 6086K, capacity 6379K, committed 6400K, reserved 1048576K
Event: 52.171 GC heap after
Heap after GC invocations=17 (full 2):
 PSYoungGen      total 93696K, used 7655K [0x00000000e0000000, 0x00000000e6700000, 0x0000000100000000)
  eden space 86016K, 0% used [0x00000000e0000000,0x00000000e0000000,0x00000000e5400000)
  from space 7680K, 99% used [0x00000000e5800000,0x00000000e5f79fd8,0x00000000e5f80000)
  to   space 7168K, 0% used [0x00000000e6000000,0x00000000e6000000,0x00000000e6700000)
 ParOldGen       total 35328K, used 22029K [0x00000000a0000000, 0x00000000a2280000, 0x00000000e0000000)
  object space 35328K, 62% used [0x00000000a0000000,0x00000000a15837e8,0x00000000a2280000)
 Metaspace       used 46215K, capacity 47472K, committed 47616K, reserved 1091584K
  class space    used 6086K, capacity 6379K, committed 6400K, reserved 1048576K
}

