# JRE version: OpenJDK Runtime Environment (8.0_212-b04) (build 1.8.0_212-release-1586-b04)
# Java VM: OpenJDK 64-Bit Server VM (25.212-b04 mixed mode windows-amd64 compressed oops)
Heap:
 PSYoungGen      total 421888K, used 248780K [0x00000000e0000000, 0x0000000100000000, 0x0000000100000000)
  eden space 319488K, 62% used [0x00000000e0000000,0x00000000ec210708,0x00000000f3800000)
  from space 102400K, 48% used [0x00000000f3800000,0x00000000f68e2cd8,0x00000000f9c00000)
  to   space 99840K, 0% used [0x00000000f9e80000,0x00000000f9e80000,0x0000000100000000)
 ParOldGen       total 223744K, used 177087K [0x00000000a0000000, 0x00000000ada80000, 0x00000000e0000000)
  object space 223744K, 79% used [0x00000000a0000000,0x00000000aacefd98,0x00000000ada80000)
 Metaspace       used 106991K, capacity 112310K, committed 112472K, reserved 1146880K
  class space    used 13551K, capacity 14614K, committed 14680K, reserved 1048576K
GC Heap History (10 events):
Event: 4357.255 GC heap before
{Heap before GC invocations=26 (full 5):
 PSYoungGen      total 435712K, used 433555K [0x00000000e0000000, 0x0000000100000000, 0x0000000100000000)
  eden space 368640K, 100% used [0x00000000e0000000,0x00000000f6800000,0x00000000f6800000)
  from space 67072K, 96% used [0x00000000fbe80000,0x00000000ffde4c98,0x0000000100000000)
  to   space 77824K, 0% used [0x00000000f6800000,0x00000000f6800000,0x00000000fb400000)
 ParOldGen       total 223744K, used 133966K [0x00000000a0000000, 0x00000000ada80000, 0x00000000e0000000)
  object space 223744K, 59% used [0x00000000a0000000,0x00000000a82d3a28,0x00000000ada80000)
 Metaspace       used 106180K, capacity 111132K, committed 111320K, reserved 1146880K
  class space    used 13489K, capacity 14497K, committed 14552K, reserved 1048576K
Event: 4357.498 GC heap after
Heap after GC invocations=26 (full 5):
 PSYoungGen      total 421888K, used 52800K [0x00000000e0000000, 0x0000000100000000, 0x0000000100000000)
  eden space 368640K, 0% used [0x00000000e0000000,0x00000000e0000000,0x00000000f6800000)
  from space 53248K, 99% used [0x00000000f6800000,0x00000000f9b90208,0x00000000f9c00000)
  to   space 81408K, 0% used [0x00000000fb080000,0x00000000fb080000,0x0000000100000000)
 ParOldGen       total 223744K, used 133974K [0x00000000a0000000, 0x00000000ada80000, 0x00000000e0000000)
  object space 223744K, 59% used [0x00000000a0000000,0x00000000a82d5a28,0x00000000ada80000)
 Metaspace       used 106180K, capacity 111132K, committed 111320K, reserved 1146880K
  class space    used 13489K, capacity 14497K, committed 14552K, reserved 1048576K
}
Event: 4366.896 GC heap before
{Heap before GC invocations=27 (full 5):
 PSYoungGen      total 421888K, used 421440K [0x00000000e0000000, 0x0000000100000000, 0x0000000100000000)
  eden space 368640K, 100% used [0x00000000e0000000,0x00000000f6800000,0x00000000f6800000)
  from space 53248K, 99% used [0x00000000f6800000,0x00000000f9b90208,0x00000000f9c00000)
  to   space 81408K, 0% used [0x00000000fb080000,0x00000000fb080000,0x0000000100000000)
 ParOldGen       total 223744K, used 133974K [0x00000000a0000000, 0x00000000ada80000, 0x00000000e0000000)
  object space 223744K, 59% used [0x00000000a0000000,0x00000000a82d5a28,0x00000000ada80000)
 Metaspace       used 106350K, capacity 111296K, committed 111576K, reserved 1146880K
  class space    used 13497K, capacity 14501K, committed 14552K, reserved 1048576K
Event: 4367.187 GC heap after
Heap after GC invocations=27 (full 5):
 PSYoungGen      total 443392K, used 43673K [0x00000000e0000000, 0x0000000100000000, 0x0000000100000000)
  eden space 361984K, 0% used [0x00000000e0000000,0x00000000e0000000,0x00000000f6180000)
  from space 81408K, 53% used [0x00000000fb080000,0x00000000fdb26690,0x0000000100000000)
  to   space 80896K, 0% used [0x00000000f6180000,0x00000000f6180000,0x00000000fb080000)
 ParOldGen       total 223744K, used 133974K [0x00000000a0000000, 0x00000000ada80000, 0x00000000e0000000)
  object space 223744K, 59% used [0x00000000a0000000,0x00000000a82d5a28,0x00000000ada80000)
 Metaspace       used 106350K, capacity 111296K, committed 111576K, reserved 1146880K
  class space    used 13497K, capacity 14501K, committed 14552K, reserved 1048576K
}
Event: 4375.949 GC heap before
{Heap before GC invocations=28 (full 5):
 PSYoungGen      total 443392K, used 405657K [0x00000000e0000000, 0x0000000100000000, 0x0000000100000000)
  eden space 361984K, 100% used [0x00000000e0000000,0x00000000f6180000,0x00000000f6180000)
  from space 81408K, 53% used [0x00000000fb080000,0x00000000fdb26690,0x0000000100000000)
  to   space 80896K, 0% used [0x00000000f6180000,0x00000000f6180000,0x00000000fb080000)
 ParOldGen       total 223744K, used 133974K [0x00000000a0000000, 0x00000000ada80000, 0x00000000e0000000)
  object space 223744K, 59% used [0x00000000a0000000,0x00000000a82d5a28,0x00000000ada80000)
 Metaspace       used 106430K, capacity 111446K, committed 111576K, reserved 1146880K
  class space    used 13497K, capacity 14502K, committed 14552K, reserved 1048576K
Event: 4376.285 GC heap after
Heap after GC invocations=28 (full 5):
 PSYoungGen      total 442880K, used 44989K [0x00000000e0000000, 0x00000000fff80000, 0x0000000100000000)
  eden space 361984K, 0% used [0x00000000e0000000,0x00000000e0000000,0x00000000f6180000)
  from space 80896K, 55% used [0x00000000f6180000,0x00000000f8d6f410,0x00000000fb080000)
  to   space 80896K, 0% used [0x00000000fb080000,0x00000000fb080000,0x00000000fff80000)
 ParOldGen       total 223744K, used 133974K [0x00000000a0000000, 0x00000000ada80000, 0x00000000e0000000)
  object space 223744K, 59% used [0x00000000a0000000,0x00000000a82d5a28,0x00000000ada80000)
 Metaspace       used 106430K, capacity 111446K, committed 111576K, reserved 1146880K
  class space    used 13497K, capacity 14502K, committed 14552K, reserved 1048576K
}
Event: 4383.633 GC heap before
{Heap before GC invocations=29 (full 5):
 PSYoungGen      total 442880K, used 406973K [0x00000000e0000000, 0x00000000fff80000, 0x0000000100000000)
  eden space 361984K, 100% used [0x00000000e0000000,0x00000000f6180000,0x00000000f6180000)
  from space 80896K, 55% used [0x00000000f6180000,0x00000000f8d6f410,0x00000000fb080000)
  to   space 80896K, 0% used [0x00000000fb080000,0x00000000fb080000,0x00000000fff80000)
 ParOldGen       total 223744K, used 133974K [0x00000000a0000000, 0x00000000ada80000, 0x00000000e0000000)
  object space 223744K, 59% used [0x00000000a0000000,0x00000000a82d5a28,0x00000000ada80000)
 Metaspace       used 106565K, capacity 111574K, committed 111832K, reserved 1146880K
  class space    used 13507K, capacity 14538K, committed 14552K, reserved 1048576K
Event: 4384.080 GC heap after
Heap after GC invocations=29 (full 5):
 PSYoungGen      total 400384K, used 80893K [0x00000000e0000000, 0x0000000100000000, 0x0000000100000000)
  eden space 319488K, 0% used [0x00000000e0000000,0x00000000e0000000,0x00000000f3800000)
  from space 80896K, 99% used [0x00000000fb080000,0x00000000fff7f708,0x00000000fff80000)
  to   space 102400K, 0% used [0x00000000f3800000,0x00000000f3800000,0x00000000f9c00000)
 ParOldGen       total 223744K, used 158416K [0x00000000a0000000, 0x00000000ada80000, 0x00000000e0000000)
  object space 223744K, 70% used [0x00000000a0000000,0x00000000a9ab4350,0x00000000ada80000)
 Metaspace       used 106565K, capacity 111574K, committed 111832K, reserved 1146880K
  class space    used 13507K, capacity 14538K, committed 14552K, reserved 1048576K
}
Event: 6190.225 GC heap before
{Heap before GC invocations=30 (full 5):
 PSYoungGen      total 400384K, used 400381K [0x00000000e0000000, 0x0000000100000000, 0x0000000100000000)
  eden space 319488K, 100% used [0x00000000e0000000,0x00000000f3800000,0x00000000f3800000)
  from space 80896K, 99% used [0x00000000fb080000,0x00000000fff7f708,0x00000000fff80000)
  to   space 102400K, 0% used [0x00000000f3800000,0x00000000f3800000,0x00000000f9c00000)
 ParOldGen       total 223744K, used 158416K [0x00000000a0000000, 0x00000000ada80000, 0x00000000e0000000)
  object space 223744K, 70% used [0x00000000a0000000,0x00000000a9ab4350,0x00000000ada80000)
 Metaspace       used 106893K, capacity 112154K, committed 112472K, reserved 1146880K
  class space    used 13535K, capacity 14588K, committed 14680K, reserved 1048576K
Event: 6190.509 GC heap after
Heap after GC invocations=30 (full 5):
 PSYoungGen      total 421888K, used 50059K [0x00000000e0000000, 0x0000000100000000, 0x0000000100000000)
  eden space 319488K, 0% used [0x00000000e0000000,0x00000000e0000000,0x00000000f3800000)
  from space 102400K, 48% used [0x00000000f3800000,0x00000000f68e2cd8,0x00000000f9c00000)
  to   space 99840K, 0% used [0x00000000f9e80000,0x00000000f9e80000,0x0000000100000000)
 ParOldGen       total 223744K, used 177087K [0x00000000a0000000, 0x00000000ada80000, 0x00000000e0000000)
  object space 223744K, 79% used [0x00000000a0000000,0x00000000aacefd98,0x00000000ada80000)
 Metaspace       used 106893K, capacity 112154K, committed 112472K, reserved 1146880K
  class space    used 13535K, capacity 14588K, committed 14680K, reserved 1048576K
}

