# JRE version: OpenJDK Runtime Environment (8.0_212-b04) (build 1.8.0_212-release-1586-b04)
# Java VM: OpenJDK 64-Bit Server VM (25.212-b04 mixed mode windows-amd64 compressed oops)
Heap:
 PSYoungGen      total 293376K, used 174677K [0x00000000e0000000, 0x00000000f9a80000, 0x0000000100000000)
  eden space 274432K, 56% used [0x00000000e0000000,0x00000000e981d110,0x00000000f0c00000)
  from space 18944K, 99% used [0x00000000f0c00000,0x00000000f1e784b0,0x00000000f1e80000)
  to   space 24064K, 0% used [0x00000000f8300000,0x00000000f8300000,0x00000000f9a80000)
 ParOldGen       total 75264K, used 43111K [0x00000000a0000000, 0x00000000a4980000, 0x00000000e0000000)
  object space 75264K, 57% used [0x00000000a0000000,0x00000000a2a19f60,0x00000000a4980000)
 Metaspace       used 68386K, capacity 70840K, committed 70912K, reserved 1110016K
  class space    used 9172K, capacity 9712K, committed 9728K, reserved 1048576K
GC Heap History (10 events):
Event: 27.164 GC heap before
{Heap before GC invocations=12 (full 2):
 PSYoungGen      total 204288K, used 11285K [0x00000000e0000000, 0x00000000ed680000, 0x0000000100000000)
  eden space 192000K, 0% used [0x00000000e0000000,0x00000000e0000000,0x00000000ebb80000)
  from space 12288K, 91% used [0x00000000eca80000,0x00000000ed585708,0x00000000ed680000)
  to   space 13824K, 0% used [0x00000000ebb80000,0x00000000ebb80000,0x00000000ec900000)
 ParOldGen       total 31744K, used 12242K [0x00000000a0000000, 0x00000000a1f00000, 0x00000000e0000000)
  object space 31744K, 38% used [0x00000000a0000000,0x00000000a0bf4940,0x00000000a1f00000)
 Metaspace       used 34675K, capacity 35432K, committed 35496K, reserved 1079296K
  class space    used 4746K, capacity 4961K, committed 4992K, reserved 1048576K
Event: 27.484 GC heap after
Heap after GC invocations=12 (full 2):
 PSYoungGen      total 204288K, used 0K [0x00000000e0000000, 0x00000000ed680000, 0x0000000100000000)
  eden space 192000K, 0% used [0x00000000e0000000,0x00000000e0000000,0x00000000ebb80000)
  from space 12288K, 0% used [0x00000000eca80000,0x00000000eca80000,0x00000000ed680000)
  to   space 13824K, 0% used [0x00000000ebb80000,0x00000000ebb80000,0x00000000ec900000)
 ParOldGen       total 45056K, used 18094K [0x00000000a0000000, 0x00000000a2c00000, 0x00000000e0000000)
  object space 45056K, 40% used [0x00000000a0000000,0x00000000a11ab810,0x00000000a2c00000)
 Metaspace       used 34675K, capacity 35432K, committed 35496K, reserved 1079296K
  class space    used 4746K, capacity 4961K, committed 4992K, reserved 1048576K
}
Event: 36.389 GC heap before
{Heap before GC invocations=13 (full 2):
 PSYoungGen      total 204288K, used 192000K [0x00000000e0000000, 0x00000000ed680000, 0x0000000100000000)
  eden space 192000K, 100% used [0x00000000e0000000,0x00000000ebb80000,0x00000000ebb80000)
  from space 12288K, 0% used [0x00000000eca80000,0x00000000eca80000,0x00000000ed680000)
  to   space 13824K, 0% used [0x00000000ebb80000,0x00000000ebb80000,0x00000000ec900000)
 ParOldGen       total 45056K, used 18094K [0x00000000a0000000, 0x00000000a2c00000, 0x00000000e0000000)
  object space 45056K, 40% used [0x00000000a0000000,0x00000000a11ab810,0x00000000a2c00000)
 Metaspace       used 51424K, capacity 52942K, committed 52992K, reserved 1095680K
  class space    used 6992K, capacity 7379K, committed 7424K, reserved 1048576K
Event: 36.449 GC heap after
Heap after GC invocations=13 (full 2):
 PSYoungGen      total 205824K, used 13819K [0x00000000e0000000, 0x00000000f3700000, 0x0000000100000000)
  eden space 192000K, 0% used [0x00000000e0000000,0x00000000e0000000,0x00000000ebb80000)
  from space 13824K, 99% used [0x00000000ebb80000,0x00000000ec8fef88,0x00000000ec900000)
  to   space 19456K, 0% used [0x00000000f2400000,0x00000000f2400000,0x00000000f3700000)
 ParOldGen       total 45056K, used 27570K [0x00000000a0000000, 0x00000000a2c00000, 0x00000000e0000000)
  object space 45056K, 61% used [0x00000000a0000000,0x00000000a1aec8a0,0x00000000a2c00000)
 Metaspace       used 51424K, capacity 52942K, committed 52992K, reserved 1095680K
  class space    used 6992K, capacity 7379K, committed 7424K, reserved 1048576K
}
Event: 46.352 GC heap before
{Heap before GC invocations=14 (full 2):
 PSYoungGen      total 205824K, used 109584K [0x00000000e0000000, 0x00000000f3700000, 0x0000000100000000)
  eden space 192000K, 49% used [0x00000000e0000000,0x00000000e5d851f0,0x00000000ebb80000)
  from space 13824K, 99% used [0x00000000ebb80000,0x00000000ec8fef88,0x00000000ec900000)
  to   space 19456K, 0% used [0x00000000f2400000,0x00000000f2400000,0x00000000f3700000)
 ParOldGen       total 45056K, used 27570K [0x00000000a0000000, 0x00000000a2c00000, 0x00000000e0000000)
  object space 45056K, 61% used [0x00000000a0000000,0x00000000a1aec8a0,0x00000000a2c00000)
 Metaspace       used 57259K, capacity 59080K, committed 59136K, reserved 1099776K
  class space    used 7740K, capacity 8192K, committed 8192K, reserved 1048576K
Event: 46.455 GC heap after
Heap after GC invocations=14 (full 2):
 PSYoungGen      total 287744K, used 9831K [0x00000000e0000000, 0x00000000f3100000, 0x0000000100000000)
  eden space 274432K, 0% used [0x00000000e0000000,0x00000000e0000000,0x00000000f0c00000)
  from space 13312K, 73% used [0x00000000f2400000,0x00000000f2d99d98,0x00000000f3100000)
  to   space 18944K, 0% used [0x00000000f0c00000,0x00000000f0c00000,0x00000000f1e80000)
 ParOldGen       total 45056K, used 39859K [0x00000000a0000000, 0x00000000a2c00000, 0x00000000e0000000)
  object space 45056K, 88% used [0x00000000a0000000,0x00000000a26ecfc0,0x00000000a2c00000)
 Metaspace       used 57259K, capacity 59080K, committed 59136K, reserved 1099776K
  class space    used 7740K, capacity 8192K, committed 8192K, reserved 1048576K
}
Event: 46.455 GC heap before
{Heap before GC invocations=15 (full 3):
 PSYoungGen      total 287744K, used 9831K [0x00000000e0000000, 0x00000000f3100000, 0x0000000100000000)
  eden space 274432K, 0% used [0x00000000e0000000,0x00000000e0000000,0x00000000f0c00000)
  from space 13312K, 73% used [0x00000000f2400000,0x00000000f2d99d98,0x00000000f3100000)
  to   space 18944K, 0% used [0x00000000f0c00000,0x00000000f0c00000,0x00000000f1e80000)
 ParOldGen       total 45056K, used 39859K [0x00000000a0000000, 0x00000000a2c00000, 0x00000000e0000000)
  object space 45056K, 88% used [0x00000000a0000000,0x00000000a26ecfc0,0x00000000a2c00000)
 Metaspace       used 57259K, capacity 59080K, committed 59136K, reserved 1099776K
  class space    used 7740K, capacity 8192K, committed 8192K, reserved 1048576K
Event: 47.098 GC heap after
Heap after GC invocations=15 (full 3):
 PSYoungGen      total 287744K, used 0K [0x00000000e0000000, 0x00000000f3100000, 0x0000000100000000)
  eden space 274432K, 0% used [0x00000000e0000000,0x00000000e0000000,0x00000000f0c00000)
  from space 13312K, 0% used [0x00000000f2400000,0x00000000f2400000,0x00000000f3100000)
  to   space 18944K, 0% used [0x00000000f0c00000,0x00000000f0c00000,0x00000000f1e80000)
 ParOldGen       total 75264K, used 37260K [0x00000000a0000000, 0x00000000a4980000, 0x00000000e0000000)
  object space 75264K, 49% used [0x00000000a0000000,0x00000000a2463130,0x00000000a4980000)
 Metaspace       used 57259K, capacity 59080K, committed 59136K, reserved 1099776K
  class space    used 7740K, capacity 8192K, committed 8192K, reserved 1048576K
}
Event: 73.233 GC heap before
{Heap before GC invocations=16 (full 3):
 PSYoungGen      total 287744K, used 274432K [0x00000000e0000000, 0x00000000f3100000, 0x0000000100000000)
  eden space 274432K, 100% used [0x00000000e0000000,0x00000000f0c00000,0x00000000f0c00000)
  from space 13312K, 0% used [0x00000000f2400000,0x00000000f2400000,0x00000000f3100000)
  to   space 18944K, 0% used [0x00000000f0c00000,0x00000000f0c00000,0x00000000f1e80000)
 ParOldGen       total 75264K, used 37260K [0x00000000a0000000, 0x00000000a4980000, 0x00000000e0000000)
  object space 75264K, 49% used [0x00000000a0000000,0x00000000a2463130,0x00000000a4980000)
 Metaspace       used 63491K, capacity 65762K, committed 65920K, reserved 1105920K
  class space    used 8583K, capacity 9075K, committed 9088K, reserved 1048576K
Event: 73.319 GC heap after
Heap after GC invocations=16 (full 3):
 PSYoungGen      total 293376K, used 18913K [0x00000000e0000000, 0x00000000f9a80000, 0x0000000100000000)
  eden space 274432K, 0% used [0x00000000e0000000,0x00000000e0000000,0x00000000f0c00000)
  from space 18944K, 99% used [0x00000000f0c00000,0x00000000f1e784b0,0x00000000f1e80000)
  to   space 24064K, 0% used [0x00000000f8300000,0x00000000f8300000,0x00000000f9a80000)
 ParOldGen       total 75264K, used 43111K [0x00000000a0000000, 0x00000000a4980000, 0x00000000e0000000)
  object space 75264K, 57% used [0x00000000a0000000,0x00000000a2a19f60,0x00000000a4980000)
 Metaspace       used 63491K, capacity 65762K, committed 65920K, reserved 1105920K
  class space    used 8583K, capacity 9075K, committed 9088K, reserved 1048576K
}

