# JRE version: OpenJDK Runtime Environment (8.0_212-b04) (build 1.8.0_212-release-1586-b04)
# Java VM: OpenJDK 64-Bit Server VM (25.212-b04 mixed mode windows-amd64 compressed oops)
Heap:
 PSYoungGen      total 289280K, used 212191K [0x00000000e0000000, 0x00000000f8d80000, 0x0000000100000000)
  eden space 270336K, 71% used [0x00000000e0000000,0x00000000ebcbb5c0,0x00000000f0800000)
  from space 18944K, 99% used [0x00000000f0800000,0x00000000f1a7c930,0x00000000f1a80000)
  to   space 24064K, 0% used [0x00000000f7600000,0x00000000f7600000,0x00000000f8d80000)
 ParOldGen       total 76800K, used 43126K [0x00000000a0000000, 0x00000000a4b00000, 0x00000000e0000000)
  object space 76800K, 56% used [0x00000000a0000000,0x00000000a2a1da00,0x00000000a4b00000)
 Metaspace       used 69138K, capacity 71459K, committed 71552K, reserved 1118208K
  class space    used 9239K, capacity 9775K, committed 9856K, reserved 1048576K
GC Heap History (10 events):
Event: 26.571 GC heap before
{Heap before GC invocations=12 (full 2):
 PSYoungGen      total 202752K, used 11221K [0x00000000e0000000, 0x00000000ed500000, 0x0000000100000000)
  eden space 190464K, 0% used [0x00000000e0000000,0x00000000e0000000,0x00000000eba00000)
  from space 12288K, 91% used [0x00000000ec900000,0x00000000ed3f5708,0x00000000ed500000)
  to   space 13824K, 0% used [0x00000000eba00000,0x00000000eba00000,0x00000000ec780000)
 ParOldGen       total 32256K, used 12327K [0x00000000a0000000, 0x00000000a1f80000, 0x00000000e0000000)
  object space 32256K, 38% used [0x00000000a0000000,0x00000000a0c09f88,0x00000000a1f80000)
 Metaspace       used 34683K, capacity 35438K, committed 35496K, reserved 1079296K
  class space    used 4740K, capacity 4962K, committed 4992K, reserved 1048576K
Event: 26.841 GC heap after
Heap after GC invocations=12 (full 2):
 PSYoungGen      total 202752K, used 0K [0x00000000e0000000, 0x00000000ed500000, 0x0000000100000000)
  eden space 190464K, 0% used [0x00000000e0000000,0x00000000e0000000,0x00000000eba00000)
  from space 12288K, 0% used [0x00000000ec900000,0x00000000ec900000,0x00000000ed500000)
  to   space 13824K, 0% used [0x00000000eba00000,0x00000000eba00000,0x00000000ec780000)
 ParOldGen       total 46080K, used 18059K [0x00000000a0000000, 0x00000000a2d00000, 0x00000000e0000000)
  object space 46080K, 39% used [0x00000000a0000000,0x00000000a11a2cc8,0x00000000a2d00000)
 Metaspace       used 34681K, capacity 35432K, committed 35496K, reserved 1079296K
  class space    used 4740K, capacity 4961K, committed 4992K, reserved 1048576K
}
Event: 36.923 GC heap before
{Heap before GC invocations=13 (full 2):
 PSYoungGen      total 202752K, used 190464K [0x00000000e0000000, 0x00000000ed500000, 0x0000000100000000)
  eden space 190464K, 100% used [0x00000000e0000000,0x00000000eba00000,0x00000000eba00000)
  from space 12288K, 0% used [0x00000000ec900000,0x00000000ec900000,0x00000000ed500000)
  to   space 13824K, 0% used [0x00000000eba00000,0x00000000eba00000,0x00000000ec780000)
 ParOldGen       total 46080K, used 18059K [0x00000000a0000000, 0x00000000a2d00000, 0x00000000e0000000)
  object space 46080K, 39% used [0x00000000a0000000,0x00000000a11a2cc8,0x00000000a2d00000)
 Metaspace       used 51392K, capacity 53000K, committed 53248K, reserved 1095680K
  class space    used 6987K, capacity 7377K, committed 7424K, reserved 1048576K
Event: 37.044 GC heap after
Heap after GC invocations=13 (full 2):
 PSYoungGen      total 204288K, used 13802K [0x00000000e0000000, 0x00000000f3280000, 0x0000000100000000)
  eden space 190464K, 0% used [0x00000000e0000000,0x00000000e0000000,0x00000000eba00000)
  from space 13824K, 99% used [0x00000000eba00000,0x00000000ec77aa38,0x00000000ec780000)
  to   space 19456K, 0% used [0x00000000f1f80000,0x00000000f1f80000,0x00000000f3280000)
 ParOldGen       total 46080K, used 27311K [0x00000000a0000000, 0x00000000a2d00000, 0x00000000e0000000)
  object space 46080K, 59% used [0x00000000a0000000,0x00000000a1aabe00,0x00000000a2d00000)
 Metaspace       used 51392K, capacity 53000K, committed 53248K, reserved 1095680K
  class space    used 6987K, capacity 7377K, committed 7424K, reserved 1048576K
}
Event: 42.479 GC heap before
{Heap before GC invocations=14 (full 2):
 PSYoungGen      total 204288K, used 113223K [0x00000000e0000000, 0x00000000f3280000, 0x0000000100000000)
  eden space 190464K, 52% used [0x00000000e0000000,0x00000000e61172a8,0x00000000eba00000)
  from space 13824K, 99% used [0x00000000eba00000,0x00000000ec77aa38,0x00000000ec780000)
  to   space 19456K, 0% used [0x00000000f1f80000,0x00000000f1f80000,0x00000000f3280000)
 ParOldGen       total 46080K, used 27311K [0x00000000a0000000, 0x00000000a2d00000, 0x00000000e0000000)
  object space 46080K, 59% used [0x00000000a0000000,0x00000000a1aabe00,0x00000000a2d00000)
 Metaspace       used 57162K, capacity 59016K, committed 59136K, reserved 1099776K
  class space    used 7852K, capacity 8344K, committed 8448K, reserved 1048576K
Event: 42.557 GC heap after
Heap after GC invocations=14 (full 2):
 PSYoungGen      total 284160K, used 9916K [0x00000000e0000000, 0x00000000f2d00000, 0x0000000100000000)
  eden space 270336K, 0% used [0x00000000e0000000,0x00000000e0000000,0x00000000f0800000)
  from space 13824K, 71% used [0x00000000f1f80000,0x00000000f292f1b8,0x00000000f2d00000)
  to   space 18944K, 0% used [0x00000000f0800000,0x00000000f0800000,0x00000000f1a80000)
 ParOldGen       total 46080K, used 39283K [0x00000000a0000000, 0x00000000a2d00000, 0x00000000e0000000)
  object space 46080K, 85% used [0x00000000a0000000,0x00000000a265ceb8,0x00000000a2d00000)
 Metaspace       used 57162K, capacity 59016K, committed 59136K, reserved 1099776K
  class space    used 7852K, capacity 8344K, committed 8448K, reserved 1048576K
}
Event: 42.557 GC heap before
{Heap before GC invocations=15 (full 3):
 PSYoungGen      total 284160K, used 9916K [0x00000000e0000000, 0x00000000f2d00000, 0x0000000100000000)
  eden space 270336K, 0% used [0x00000000e0000000,0x00000000e0000000,0x00000000f0800000)
  from space 13824K, 71% used [0x00000000f1f80000,0x00000000f292f1b8,0x00000000f2d00000)
  to   space 18944K, 0% used [0x00000000f0800000,0x00000000f0800000,0x00000000f1a80000)
 ParOldGen       total 46080K, used 39283K [0x00000000a0000000, 0x00000000a2d00000, 0x00000000e0000000)
  object space 46080K, 85% used [0x00000000a0000000,0x00000000a265ceb8,0x00000000a2d00000)
 Metaspace       used 57162K, capacity 59016K, committed 59136K, reserved 1099776K
  class space    used 7852K, capacity 8344K, committed 8448K, reserved 1048576K
Event: 43.169 GC heap after
Heap after GC invocations=15 (full 3):
 PSYoungGen      total 284160K, used 0K [0x00000000e0000000, 0x00000000f2d00000, 0x0000000100000000)
  eden space 270336K, 0% used [0x00000000e0000000,0x00000000e0000000,0x00000000f0800000)
  from space 13824K, 0% used [0x00000000f1f80000,0x00000000f1f80000,0x00000000f2d00000)
  to   space 18944K, 0% used [0x00000000f0800000,0x00000000f0800000,0x00000000f1a80000)
 ParOldGen       total 76800K, used 36906K [0x00000000a0000000, 0x00000000a4b00000, 0x00000000e0000000)
  object space 76800K, 48% used [0x00000000a0000000,0x00000000a240aae0,0x00000000a4b00000)
 Metaspace       used 57162K, capacity 59016K, committed 59136K, reserved 1099776K
  class space    used 7852K, capacity 8344K, committed 8448K, reserved 1048576K
}
Event: 70.895 GC heap before
{Heap before GC invocations=16 (full 3):
 PSYoungGen      total 284160K, used 270336K [0x00000000e0000000, 0x00000000f2d00000, 0x0000000100000000)
  eden space 270336K, 100% used [0x00000000e0000000,0x00000000f0800000,0x00000000f0800000)
  from space 13824K, 0% used [0x00000000f1f80000,0x00000000f1f80000,0x00000000f2d00000)
  to   space 18944K, 0% used [0x00000000f0800000,0x00000000f0800000,0x00000000f1a80000)
 ParOldGen       total 76800K, used 36906K [0x00000000a0000000, 0x00000000a4b00000, 0x00000000e0000000)
  object space 76800K, 48% used [0x00000000a0000000,0x00000000a240aae0,0x00000000a4b00000)
 Metaspace       used 63630K, capacity 65780K, committed 66048K, reserved 1105920K
  class space    used 8604K, capacity 9106K, committed 9216K, reserved 1048576K
Event: 71.000 GC heap after
Heap after GC invocations=16 (full 3):
 PSYoungGen      total 289280K, used 18930K [0x00000000e0000000, 0x00000000f8d80000, 0x0000000100000000)
  eden space 270336K, 0% used [0x00000000e0000000,0x00000000e0000000,0x00000000f0800000)
  from space 18944K, 99% used [0x00000000f0800000,0x00000000f1a7c930,0x00000000f1a80000)
  to   space 24064K, 0% used [0x00000000f7600000,0x00000000f7600000,0x00000000f8d80000)
 ParOldGen       total 76800K, used 43126K [0x00000000a0000000, 0x00000000a4b00000, 0x00000000e0000000)
  object space 76800K, 56% used [0x00000000a0000000,0x00000000a2a1da00,0x00000000a4b00000)
 Metaspace       used 63630K, capacity 65780K, committed 66048K, reserved 1105920K
  class space    used 8604K, capacity 9106K, committed 9216K, reserved 1048576K
}

