# JRE version: OpenJDK Runtime Environment (8.0_212-b04) (build 1.8.0_212-release-1586-b04)
# Java VM: OpenJDK 64-Bit Server VM (25.212-b04 mixed mode windows-amd64 compressed oops)
Heap:
 PSYoungGen      total 207872K, used 118681K [0x00000000e0000000, 0x00000000f0380000, 0x0000000100000000)
  eden space 184832K, 64% used [0x00000000e0000000,0x00000000e73e67f8,0x00000000eb480000)
  from space 23040K, 0% used [0x00000000ed680000,0x00000000ed680000,0x00000000eed00000)
  to   space 34816K, 0% used [0x00000000eb480000,0x00000000eb480000,0x00000000ed680000)
 ParOldGen       total 148992K, used 77868K [0x00000000a0000000, 0x00000000a9180000, 0x00000000e0000000)
  object space 148992K, 52% used [0x00000000a0000000,0x00000000a4c0b3a0,0x00000000a9180000)
 Metaspace       used 83797K, capacity 87286K, committed 87552K, reserved 1124352K
  class space    used 10923K, capacity 11684K, committed 11776K, reserved 1048576K
GC Heap History (10 events):
Event: 84.528 GC heap before
{Heap before GC invocations=22 (full 3):
 PSYoungGen      total 158720K, used 142848K [0x00000000e0000000, 0x00000000eb180000, 0x0000000100000000)
  eden space 142848K, 100% used [0x00000000e0000000,0x00000000e8b80000,0x00000000e8b80000)
  from space 15872K, 0% used [0x00000000e9b00000,0x00000000e9b00000,0x00000000eaa80000)
  to   space 15872K, 0% used [0x00000000e8b80000,0x00000000e8b80000,0x00000000e9b00000)
 ParOldGen       total 80896K, used 33038K [0x00000000a0000000, 0x00000000a4f00000, 0x00000000e0000000)
  object space 80896K, 40% used [0x00000000a0000000,0x00000000a2043b90,0x00000000a4f00000)
 Metaspace       used 63747K, capacity 65920K, committed 66048K, reserved 1105920K
  class space    used 8712K, capacity 9172K, committed 9216K, reserved 1048576K
Event: 84.690 GC heap after
Heap after GC invocations=22 (full 3):
 PSYoungGen      total 158720K, used 12564K [0x00000000e0000000, 0x00000000ec980000, 0x0000000100000000)
  eden space 142848K, 0% used [0x00000000e0000000,0x00000000e0000000,0x00000000e8b80000)
  from space 15872K, 79% used [0x00000000e8b80000,0x00000000e97c5058,0x00000000e9b00000)
  to   space 16896K, 0% used [0x00000000eb900000,0x00000000eb900000,0x00000000ec980000)
 ParOldGen       total 80896K, used 33046K [0x00000000a0000000, 0x00000000a4f00000, 0x00000000e0000000)
  object space 80896K, 40% used [0x00000000a0000000,0x00000000a2045b90,0x00000000a4f00000)
 Metaspace       used 63747K, capacity 65920K, committed 66048K, reserved 1105920K
  class space    used 8712K, capacity 9172K, committed 9216K, reserved 1048576K
}
Event: 107.804 GC heap before
{Heap before GC invocations=23 (full 3):
 PSYoungGen      total 158720K, used 155412K [0x00000000e0000000, 0x00000000ec980000, 0x0000000100000000)
  eden space 142848K, 100% used [0x00000000e0000000,0x00000000e8b80000,0x00000000e8b80000)
  from space 15872K, 79% used [0x00000000e8b80000,0x00000000e97c5058,0x00000000e9b00000)
  to   space 16896K, 0% used [0x00000000eb900000,0x00000000eb900000,0x00000000ec980000)
 ParOldGen       total 80896K, used 33046K [0x00000000a0000000, 0x00000000a4f00000, 0x00000000e0000000)
  object space 80896K, 40% used [0x00000000a0000000,0x00000000a2045b90,0x00000000a4f00000)
 Metaspace       used 70190K, capacity 72644K, committed 72832K, reserved 1112064K
  class space    used 9505K, capacity 10048K, committed 10112K, reserved 1048576K
Event: 107.902 GC heap after
Heap after GC invocations=23 (full 3):
 PSYoungGen      total 185344K, used 13067K [0x00000000e0000000, 0x00000000ec880000, 0x0000000100000000)
  eden space 169472K, 0% used [0x00000000e0000000,0x00000000e0000000,0x00000000ea580000)
  from space 15872K, 82% used [0x00000000eb900000,0x00000000ec5c2dc8,0x00000000ec880000)
  to   space 17920K, 0% used [0x00000000ea580000,0x00000000ea580000,0x00000000eb700000)
 ParOldGen       total 80896K, used 41519K [0x00000000a0000000, 0x00000000a4f00000, 0x00000000e0000000)
  object space 80896K, 51% used [0x00000000a0000000,0x00000000a288bc50,0x00000000a4f00000)
 Metaspace       used 70190K, capacity 72644K, committed 72832K, reserved 1112064K
  class space    used 9505K, capacity 10048K, committed 10112K, reserved 1048576K
}
Event: 319.191 GC heap before
{Heap before GC invocations=24 (full 3):
 PSYoungGen      total 185344K, used 182539K [0x00000000e0000000, 0x00000000ec880000, 0x0000000100000000)
  eden space 169472K, 100% used [0x00000000e0000000,0x00000000ea580000,0x00000000ea580000)
  from space 15872K, 82% used [0x00000000eb900000,0x00000000ec5c2dc8,0x00000000ec880000)
  to   space 17920K, 0% used [0x00000000ea580000,0x00000000ea580000,0x00000000eb700000)
 ParOldGen       total 80896K, used 41519K [0x00000000a0000000, 0x00000000a4f00000, 0x00000000e0000000)
  object space 80896K, 51% used [0x00000000a0000000,0x00000000a288bc50,0x00000000a4f00000)
 Metaspace       used 78822K, capacity 82000K, committed 82304K, reserved 1120256K
  class space    used 10357K, capacity 11057K, committed 11136K, reserved 1048576K
Event: 319.297 GC heap after
Heap after GC invocations=24 (full 3):
 PSYoungGen      total 187392K, used 17891K [0x00000000e0000000, 0x00000000eed00000, 0x0000000100000000)
  eden space 169472K, 0% used [0x00000000e0000000,0x00000000e0000000,0x00000000ea580000)
  from space 17920K, 99% used [0x00000000ea580000,0x00000000eb6f8da0,0x00000000eb700000)
  to   space 23040K, 0% used [0x00000000ed680000,0x00000000ed680000,0x00000000eed00000)
 ParOldGen       total 80896K, used 47928K [0x00000000a0000000, 0x00000000a4f00000, 0x00000000e0000000)
  object space 80896K, 59% used [0x00000000a0000000,0x00000000a2ece370,0x00000000a4f00000)
 Metaspace       used 78822K, capacity 82000K, committed 82304K, reserved 1120256K
  class space    used 10357K, capacity 11057K, committed 11136K, reserved 1048576K
}
Event: 344.370 GC heap before
{Heap before GC invocations=25 (full 3):
 PSYoungGen      total 187392K, used 187363K [0x00000000e0000000, 0x00000000eed00000, 0x0000000100000000)
  eden space 169472K, 100% used [0x00000000e0000000,0x00000000ea580000,0x00000000ea580000)
  from space 17920K, 99% used [0x00000000ea580000,0x00000000eb6f8da0,0x00000000eb700000)
  to   space 23040K, 0% used [0x00000000ed680000,0x00000000ed680000,0x00000000eed00000)
 ParOldGen       total 80896K, used 47928K [0x00000000a0000000, 0x00000000a4f00000, 0x00000000e0000000)
  object space 80896K, 59% used [0x00000000a0000000,0x00000000a2ece370,0x00000000a4f00000)
 Metaspace       used 81148K, capacity 84436K, committed 84608K, reserved 1122304K
  class space    used 10642K, capacity 11339K, committed 11392K, reserved 1048576K
Event: 344.595 GC heap after
Heap after GC invocations=25 (full 3):
 PSYoungGen      total 207872K, used 23019K [0x00000000e0000000, 0x00000000f0380000, 0x0000000100000000)
  eden space 184832K, 0% used [0x00000000e0000000,0x00000000e0000000,0x00000000eb480000)
  from space 23040K, 99% used [0x00000000ed680000,0x00000000eecfade8,0x00000000eed00000)
  to   space 34816K, 0% used [0x00000000eb480000,0x00000000eb480000,0x00000000ed680000)
 ParOldGen       total 80896K, used 69516K [0x00000000a0000000, 0x00000000a4f00000, 0x00000000e0000000)
  object space 80896K, 85% used [0x00000000a0000000,0x00000000a43e33f0,0x00000000a4f00000)
 Metaspace       used 81148K, capacity 84436K, committed 84608K, reserved 1122304K
  class space    used 10642K, capacity 11339K, committed 11392K, reserved 1048576K
}
Event: 344.595 GC heap before
{Heap before GC invocations=26 (full 4):
 PSYoungGen      total 207872K, used 23019K [0x00000000e0000000, 0x00000000f0380000, 0x0000000100000000)
  eden space 184832K, 0% used [0x00000000e0000000,0x00000000e0000000,0x00000000eb480000)
  from space 23040K, 99% used [0x00000000ed680000,0x00000000eecfade8,0x00000000eed00000)
  to   space 34816K, 0% used [0x00000000eb480000,0x00000000eb480000,0x00000000ed680000)
 ParOldGen       total 80896K, used 69516K [0x00000000a0000000, 0x00000000a4f00000, 0x00000000e0000000)
  object space 80896K, 85% used [0x00000000a0000000,0x00000000a43e33f0,0x00000000a4f00000)
 Metaspace       used 81148K, capacity 84436K, committed 84608K, reserved 1122304K
  class space    used 10642K, capacity 11339K, committed 11392K, reserved 1048576K
Event: 345.749 GC heap after
Heap after GC invocations=26 (full 4):
 PSYoungGen      total 207872K, used 0K [0x00000000e0000000, 0x00000000f0380000, 0x0000000100000000)
  eden space 184832K, 0% used [0x00000000e0000000,0x00000000e0000000,0x00000000eb480000)
  from space 23040K, 0% used [0x00000000ed680000,0x00000000ed680000,0x00000000eed00000)
  to   space 34816K, 0% used [0x00000000eb480000,0x00000000eb480000,0x00000000ed680000)
 ParOldGen       total 148992K, used 77868K [0x00000000a0000000, 0x00000000a9180000, 0x00000000e0000000)
  object space 148992K, 52% used [0x00000000a0000000,0x00000000a4c0b3a0,0x00000000a9180000)
 Metaspace       used 81130K, capacity 84390K, committed 84608K, reserved 1122304K
  class space    used 10636K, capacity 11328K, committed 11392K, reserved 1048576K
}

