# JRE version: OpenJDK Runtime Environment (8.0_212-b04) (build 1.8.0_212-release-1586-b04)
# Java VM: OpenJDK 64-Bit Server VM (25.212-b04 mixed mode windows-amd64 compressed oops)
Heap:
 PSYoungGen      total 467968K, used 173747K [0x00000000e0000000, 0x00000000ffc80000, 0x0000000100000000)
  eden space 452608K, 35% used [0x00000000e0000000,0x00000000e9aedac0,0x00000000fba00000)
  from space 15360K, 98% used [0x00000000fba00000,0x00000000fc8bf1b0,0x00000000fc900000)
  to   space 33792K, 0% used [0x00000000fdb80000,0x00000000fdb80000,0x00000000ffc80000)
 ParOldGen       total 71680K, used 58603K [0x00000000a0000000, 0x00000000a4600000, 0x00000000e0000000)
  object space 71680K, 81% used [0x00000000a0000000,0x00000000a393af58,0x00000000a4600000)
 Metaspace       used 89951K, capacity 94458K, committed 94592K, reserved 1130496K
  class space    used 11703K, capacity 12557K, committed 12672K, reserved 1048576K
GC Heap History (10 events):
Event: 340.434 GC heap before
{Heap before GC invocations=16 (full 3):
 PSYoungGen      total 310272K, used 294400K [0x00000000e0000000, 0x00000000f4480000, 0x0000000100000000)
  eden space 294400K, 100% used [0x00000000e0000000,0x00000000f1f80000,0x00000000f1f80000)
  from space 15872K, 0% used [0x00000000f3500000,0x00000000f3500000,0x00000000f4480000)
  to   space 18944K, 0% used [0x00000000f1f80000,0x00000000f1f80000,0x00000000f3200000)
 ParOldGen       total 71680K, used 36396K [0x00000000a0000000, 0x00000000a4600000, 0x00000000e0000000)
  object space 71680K, 50% used [0x00000000a0000000,0x00000000a238b1e8,0x00000000a4600000)
 Metaspace       used 65099K, capacity 67418K, committed 67584K, reserved 1107968K
  class space    used 8590K, capacity 9123K, committed 9216K, reserved 1048576K
Event: 340.549 GC heap after
Heap after GC invocations=16 (full 3):
 PSYoungGen      total 313344K, used 18919K [0x00000000e0000000, 0x00000000fb880000, 0x0000000100000000)
  eden space 294400K, 0% used [0x00000000e0000000,0x00000000e0000000,0x00000000f1f80000)
  from space 18944K, 99% used [0x00000000f1f80000,0x00000000f31f9c18,0x00000000f3200000)
  to   space 22528K, 0% used [0x00000000fa280000,0x00000000fa280000,0x00000000fb880000)
 ParOldGen       total 71680K, used 38194K [0x00000000a0000000, 0x00000000a4600000, 0x00000000e0000000)
  object space 71680K, 53% used [0x00000000a0000000,0x00000000a254c820,0x00000000a4600000)
 Metaspace       used 65099K, capacity 67418K, committed 67584K, reserved 1107968K
  class space    used 8590K, capacity 9123K, committed 9216K, reserved 1048576K
}
Event: 421.547 GC heap before
{Heap before GC invocations=17 (full 3):
 PSYoungGen      total 313344K, used 313301K [0x00000000e0000000, 0x00000000fb880000, 0x0000000100000000)
  eden space 294400K, 99% used [0x00000000e0000000,0x00000000f1f7ba00,0x00000000f1f80000)
  from space 18944K, 99% used [0x00000000f1f80000,0x00000000f31f9c18,0x00000000f3200000)
  to   space 22528K, 0% used [0x00000000fa280000,0x00000000fa280000,0x00000000fb880000)
 ParOldGen       total 71680K, used 38194K [0x00000000a0000000, 0x00000000a4600000, 0x00000000e0000000)
  object space 71680K, 53% used [0x00000000a0000000,0x00000000a254c820,0x00000000a4600000)
 Metaspace       used 66146K, capacity 68550K, committed 68608K, reserved 1107968K
  class space    used 8643K, capacity 9175K, committed 9216K, reserved 1048576K
Event: 421.698 GC heap after
Heap after GC invocations=17 (full 3):
 PSYoungGen      total 417280K, used 22516K [0x00000000e0000000, 0x00000000fbb80000, 0x0000000100000000)
  eden space 394752K, 0% used [0x00000000e0000000,0x00000000e0000000,0x00000000f8180000)
  from space 22528K, 99% used [0x00000000fa280000,0x00000000fb87d108,0x00000000fb880000)
  to   space 29696K, 0% used [0x00000000f8180000,0x00000000f8180000,0x00000000f9e80000)
 ParOldGen       total 71680K, used 47421K [0x00000000a0000000, 0x00000000a4600000, 0x00000000e0000000)
  object space 71680K, 66% used [0x00000000a0000000,0x00000000a2e4f7d0,0x00000000a4600000)
 Metaspace       used 66146K, capacity 68550K, committed 68608K, reserved 1107968K
  class space    used 8643K, capacity 9175K, committed 9216K, reserved 1048576K
}
Event: 706.346 GC heap before
{Heap before GC invocations=18 (full 3):
 PSYoungGen      total 417280K, used 417268K [0x00000000e0000000, 0x00000000fbb80000, 0x0000000100000000)
  eden space 394752K, 100% used [0x00000000e0000000,0x00000000f8180000,0x00000000f8180000)
  from space 22528K, 99% used [0x00000000fa280000,0x00000000fb87d108,0x00000000fb880000)
  to   space 29696K, 0% used [0x00000000f8180000,0x00000000f8180000,0x00000000f9e80000)
 ParOldGen       total 71680K, used 47421K [0x00000000a0000000, 0x00000000a4600000, 0x00000000e0000000)
  object space 71680K, 66% used [0x00000000a0000000,0x00000000a2e4f7d0,0x00000000a4600000)
 Metaspace       used 77681K, capacity 80348K, committed 80512K, reserved 1120256K
  class space    used 9995K, capacity 10564K, committed 10624K, reserved 1048576K
Event: 706.476 GC heap after
Heap after GC invocations=18 (full 3):
 PSYoungGen      total 424448K, used 29671K [0x00000000e0000000, 0x0000000100000000, 0x0000000100000000)
  eden space 394752K, 0% used [0x00000000e0000000,0x00000000e0000000,0x00000000f8180000)
  from space 29696K, 99% used [0x00000000f8180000,0x00000000f9e79fe0,0x00000000f9e80000)
  to   space 35328K, 0% used [0x00000000fdd80000,0x00000000fdd80000,0x0000000100000000)
 ParOldGen       total 71680K, used 49860K [0x00000000a0000000, 0x00000000a4600000, 0x00000000e0000000)
  object space 71680K, 69% used [0x00000000a0000000,0x00000000a30b1278,0x00000000a4600000)
 Metaspace       used 77681K, capacity 80348K, committed 80512K, reserved 1120256K
  class space    used 9995K, capacity 10564K, committed 10624K, reserved 1048576K
}
Event: 2498.539 GC heap before
{Heap before GC invocations=19 (full 3):
 PSYoungGen      total 424448K, used 424423K [0x00000000e0000000, 0x0000000100000000, 0x0000000100000000)
  eden space 394752K, 100% used [0x00000000e0000000,0x00000000f8180000,0x00000000f8180000)
  from space 29696K, 99% used [0x00000000f8180000,0x00000000f9e79fe0,0x00000000f9e80000)
  to   space 35328K, 0% used [0x00000000fdd80000,0x00000000fdd80000,0x0000000100000000)
 ParOldGen       total 71680K, used 49860K [0x00000000a0000000, 0x00000000a4600000, 0x00000000e0000000)
  object space 71680K, 69% used [0x00000000a0000000,0x00000000a30b1278,0x00000000a4600000)
 Metaspace       used 88923K, capacity 92846K, committed 93056K, reserved 1130496K
  class space    used 11605K, capacity 12377K, committed 12416K, reserved 1048576K
Event: 2499.213 GC heap after
Heap after GC invocations=19 (full 3):
 PSYoungGen      total 487936K, used 20344K [0x00000000e0000000, 0x0000000100000000, 0x0000000100000000)
  eden space 452608K, 0% used [0x00000000e0000000,0x00000000e0000000,0x00000000fba00000)
  from space 35328K, 57% used [0x00000000fdd80000,0x00000000ff15e160,0x0000000100000000)
  to   space 35840K, 0% used [0x00000000fba00000,0x00000000fba00000,0x00000000fdd00000)
 ParOldGen       total 71680K, used 58595K [0x00000000a0000000, 0x00000000a4600000, 0x00000000e0000000)
  object space 71680K, 81% used [0x00000000a0000000,0x00000000a3938f58,0x00000000a4600000)
 Metaspace       used 88923K, capacity 92846K, committed 93056K, reserved 1130496K
  class space    used 11605K, capacity 12377K, committed 12416K, reserved 1048576K
}
Event: 2890.788 GC heap before
{Heap before GC invocations=20 (full 3):
 PSYoungGen      total 487936K, used 472952K [0x00000000e0000000, 0x0000000100000000, 0x0000000100000000)
  eden space 452608K, 100% used [0x00000000e0000000,0x00000000fba00000,0x00000000fba00000)
  from space 35328K, 57% used [0x00000000fdd80000,0x00000000ff15e160,0x0000000100000000)
  to   space 35840K, 0% used [0x00000000fba00000,0x00000000fba00000,0x00000000fdd00000)
 ParOldGen       total 71680K, used 58595K [0x00000000a0000000, 0x00000000a4600000, 0x00000000e0000000)
  object space 71680K, 81% used [0x00000000a0000000,0x00000000a3938f58,0x00000000a4600000)
 Metaspace       used 89771K, capacity 94250K, committed 94464K, reserved 1130496K
  class space    used 11684K, capacity 12523K, committed 12544K, reserved 1048576K
Event: 2891.174 GC heap after
Heap after GC invocations=20 (full 3):
 PSYoungGen      total 467968K, used 15100K [0x00000000e0000000, 0x00000000ffc80000, 0x0000000100000000)
  eden space 452608K, 0% used [0x00000000e0000000,0x00000000e0000000,0x00000000fba00000)
  from space 15360K, 98% used [0x00000000fba00000,0x00000000fc8bf1b0,0x00000000fc900000)
  to   space 33792K, 0% used [0x00000000fdb80000,0x00000000fdb80000,0x00000000ffc80000)
 ParOldGen       total 71680K, used 58603K [0x00000000a0000000, 0x00000000a4600000, 0x00000000e0000000)
  object space 71680K, 81% used [0x00000000a0000000,0x00000000a393af58,0x00000000a4600000)
 Metaspace       used 89771K, capacity 94250K, committed 94464K, reserved 1130496K
  class space    used 11684K, capacity 12523K, committed 12544K, reserved 1048576K
}

